curpath /scratch/pbsjobs/job.16222086.hpc
lib.num_threads() =  20
at beginning memory used: 0.05 GB
mol.max_memory 50000


System: uname_result(system='Linux', node='compt241', release='3.10.0-1127.el7.x86_64', version='#1 SMP Tue Feb 18 16:39:12 EST 2020', machine='x86_64', processor='x86_64')  Threads 20
Python 3.7.0 (default, Aug 23 2018, 14:24:33) 
[GCC 6.3.0]
numpy 1.18.1  scipy 1.4.1
Date: Tue Aug 31 01:36:27 2021
PySCF version 1.7.4
PySCF path  /home/zzz6/.local/lib/python3.7/site-packages/pyscf

[CONFIG] conf_file None
[INPUT] verbose = 5
[INPUT] max_memory = 50000 
[INPUT] num. atoms = 49
[INPUT] num. electrons = 212
[INPUT] charge = 0
[INPUT] spin (= nelec alpha-beta = 2S) = 0
[INPUT] symmetry False subgroup None
[INPUT] Mole.unit = angstrom
[INPUT]  1 N     -3.450864633004   0.055285985657  -0.008172502421 AA   -6.521189049325   0.104475371419  -0.015443791327 Bohr
[INPUT]  2 C     -4.312710911491  -1.074271985221   0.083467416329 AA   -8.149842477142  -2.030079835361   0.157730557186 Bohr
[INPUT]  3 C     -5.496224910397  -1.125384805020  -0.681088903349 AA  -10.386359799663  -2.126669066236  -1.287071493810 Bohr
[INPUT]  4 C     -3.998410379823  -2.145203102362   0.945135836673 AA   -7.555900551484  -4.053846345032   1.786047881824 Bohr
[INPUT]  5 C     -6.350456242627  -2.229056480219  -0.577886809308 AA  -12.000623064600  -4.212306263801  -1.092047800591 Bohr
[INPUT]  6 H     -5.738116555134  -0.294818975822  -1.350849791611 AA  -10.843468760036  -0.557127120629  -2.552736141571 Bohr
[INPUT]  7 C     -4.850627928716  -3.252334013126   1.026932547631 AA   -9.166358317439  -6.146020550416   1.940621263424 Bohr
[INPUT]  8 H     -3.085848632703  -2.100387210437   1.547030340390 AA   -5.831408777673  -3.969156583264   2.923463649730 Bohr
[INPUT]  9 C     -6.032019991942  -3.300425825770   0.270836626365 AA  -11.398865762672  -6.236900905147   0.511807048332 Bohr
[INPUT] 10 H     -7.266580446838  -2.257143166630  -1.177419248010 AA  -13.731846906643  -4.265382408863  -2.224999912529 Bohr
[INPUT] 11 H     -4.595976508396  -4.077343145085   1.700744389725 AA   -8.685136875803  -7.705061860083   3.213941104470 Bohr
[INPUT] 12 H     -6.699540463916  -4.164847334528   0.343633353654 AA  -12.660296637243  -7.870420812883   0.649372925671 Bohr
[INPUT] 13 C     -4.020033305612   1.359654707788  -0.051203220066 AA   -7.596761959236   2.569375021695  -0.096760062620 Bohr
[INPUT] 14 C     -3.513020058457   2.332189179355  -0.937399564309 AA   -6.638645780587   4.407198819655  -1.771428445830 Bohr
[INPUT] 15 C     -5.106086622953   1.685876419748   0.786640799366 AA   -9.649105285686   3.185844713186   1.486535669210 Bohr
[INPUT] 16 C     -4.078359361060   3.611986680527  -0.971619513367 AA   -7.706982229960   6.825665591772  -1.836094777547 Bohr
[INPUT] 17 H     -2.677484544128   2.075886983853  -1.595602647982 AA   -5.059712491157   3.922857865031  -3.015252008316 Bohr
[INPUT] 18 C     -5.675542555184   2.963028746110   0.731202957790 AA  -10.725221037613   5.599312829361   1.381773331696 Bohr
[INPUT] 19 H     -5.497506260469   0.931292359495   1.475331364771 AA  -10.388781200368   1.759887501345   2.787972222398 Bohr
[INPUT] 20 C     -5.163746993108   3.934740975748  -0.142471156335 AA   -9.758067593521   7.435582815267  -0.269231466124 Bohr
[INPUT] 21 H     -3.676224738232   4.358260815510  -1.665061313298 AA   -6.947057927609   8.235919320737  -3.146509862743 Bohr
[INPUT] 22 H     -6.518584954550   3.204157931037   1.387445234590 AA  -12.318340283810   6.054980949513   2.621891506208 Bohr
[INPUT] 23 H     -5.607823291016   4.934570473266  -0.177993253901 AA  -10.597250174976   9.324986736838  -0.336358501894 Bohr
[INPUT] 24 C     -2.051205069055  -0.116296978027  -0.052478066170 AA   -3.876215805833  -0.219769437585  -0.099169172608 Bohr
[INPUT] 25 C     -1.185554488912   0.829917370568   0.541991653563 AA   -2.240373289793   1.568316536393   1.024215787034 Bohr
[INPUT] 26 C     -1.479487609220  -1.238947305863  -0.695702189776 AA   -2.795826386114  -2.341271090848  -1.314686602937 Bohr
[INPUT] 27 C      0.195470355919   0.655945395468   0.489818723388 AA    0.369385438158   1.239557150103   0.925623237887 Bohr
[INPUT] 28 H     -1.607562005445   1.699098340864   1.053991363783 AA   -3.037851918548   3.210830522937   1.991755015206 Bohr
[INPUT] 29 C     -0.097927902328  -1.408457050055  -0.735716342206 AA   -0.185056915354  -2.661598082817  -1.390302392136 Bohr
[INPUT] 30 H     -2.132571645057  -1.972493532725  -1.176562720831 AA   -4.029976350172  -3.727472559325  -2.223381310743 Bohr
[INPUT] 31 C      0.779704115190  -0.466704605877  -0.144100420229 AA    1.473427235905  -0.881943886182  -0.272310328667 Bohr
[INPUT] 32 H      0.841667220145   1.395264725189   0.976271090710 AA    1.590520534098   2.636668201874   1.844884984772 Bohr
[INPUT] 33 H      0.310975269845  -2.274428811019  -1.264861777226 AA    0.587658091519  -4.298047542646  -2.390242344387 Bohr
[INPUT] 34 C      2.226302399054  -0.656862195528  -0.189361116537 AA    4.207101804674  -1.241289651129  -0.357840648896 Bohr
[INPUT] 35 C      2.962845104195  -1.791000762255  -0.530825739702 AA    5.598965796437  -3.384500929549  -1.003115267907 Bohr
[INPUT] 36 S      3.350286761736   0.622821505973   0.212320343377 AA    6.331124418438   1.176962070778   0.401227299657 Bohr
[INPUT] 37 H      2.514956474047  -2.748048417426  -0.811555467962 AA    4.752578951150  -5.193058885980  -1.533617569342 Bohr
[INPUT] 38 C      4.698787149831  -0.475897138178  -0.106110036575 AA    8.879420830806  -0.899315254620  -0.200518908195 Bohr
[INPUT] 39 N      4.317876760620  -1.680743844130  -0.482521714701 AA    8.159604517196  -3.176145550954  -0.911833889940 Bohr
[INPUT] 40 C      6.092239455152  -0.057129035471   0.042664612281 AA   11.512664055508  -0.107958230801   0.080624432422 Bohr
[INPUT] 41 C      7.133331502903  -0.968578741880  -0.237312334947 AA   13.480042896219  -1.830348552230  -0.448455319031 Bohr
[INPUT] 42 C      6.460448764114   1.239000716428   0.459480217238 AA   12.208478805961   2.341372022189   0.868291770236 Bohr
[INPUT] 43 C      8.457321932578  -0.544510259264  -0.088954909941 AA   15.982022199850  -1.028975262025  -0.168100417223 Bohr
[INPUT] 44 H      6.886425336133  -1.982739972906  -0.562899854903 AA   13.013457862557  -3.746835525019  -1.063726561323 Bohr
[INPUT] 45 C      7.819253042868   1.554237782815   0.573132715551 AA   14.776246749693   2.937083741972   1.083063865419 Bohr
[INPUT] 46 H      5.700054645639   1.992839812792   0.693222228615 AA   10.771542175312   3.765921456306   1.310000155542 Bohr
[INPUT] 47 H      9.280666870350  -1.239835773230  -0.302072055212 AA   17.537918638285  -2.342950050842  -0.570833454235 Bohr
[INPUT] 48 H      8.121627481428   2.559632716701   0.896510403615 AA   15.347651625639   4.837004814042   1.694159130655 Bohr
[INPUT] 49 N      8.813947368030   0.690842843162   0.307928451469 AA   16.655946601907   1.305503768693   0.581900439239 Bohr
[INPUT] ---------------- BASIS SET ---------------- 
[INPUT] l, kappa, [nprim/nctr], expnt,             c_1 c_2 ...
[INPUT] S
[INPUT] 0    0    [7    /1   ]  60700.928104      0.00054695944225
                                9102.6106854      0.0042297224557
                                2071.4166009      0.021747824159
                                586.02476821      0.085100053589
                                190.55395021      0.24799128459
                                67.63038426       0.46703640406
                                25.127306905      0.3643458755
[INPUT] 0    0    [3    /1   ]  112.5746301       0.02167004024
                                34.795554217      0.09360230176
                                6.5115556215      -0.26068001422
[INPUT] 0    0    [2    /1   ]  3.2399032261      1.2842089435
                                1.5477160881      0.66036416584
[INPUT] 0    0    [1    /1   ]  0.40541030112        1
[INPUT] 0    0    [1    /1   ]  0.14550651059        1
[INPUT] 1    0    [5    /1   ]  564.36716027      0.0024796796317
                                133.42624379      0.01967793025
                                42.468271189      0.089980008258
                                15.61652758       0.25705880575
                                6.1093988469      0.43515167292
[INPUT] 1    0    [1    /1   ]  2.4404160198         1
[INPUT] 1    0    [1    /1   ]  0.83882201296        1
[INPUT] 1    0    [1    /1   ]  0.312887469          1
[INPUT] 1    0    [1    /1   ]  0.10770109004        1
[INPUT] 2    0    [2    /1   ]  3.756              0.2
                                0.812                1
[INPUT] 2    0    [1    /1   ]  0.273                1
[INPUT] 3    0    [1    /1   ]  0.557                1
[INPUT] H
[INPUT] 0    0    [3    /1   ]  34.061341         0.0060251978
                                5.1235746         0.045021094
                                1.1646626         0.20189726
[INPUT] 0    0    [1    /1   ]  0.32723041           1
[INPUT] 0    0    [1    /1   ]  0.10307241           1
[INPUT] 1    0    [1    /1   ]  0.8                  1
[INPUT] N
[INPUT] 0    0    [6    /1   ]  19730.800647      0.00021887984991
                                2957.8958745      0.0016960708803
                                673.22133595      0.0087954603538
                                190.68249494      0.035359382605
                                62.295441898      0.11095789217
                                22.654161182      0.24982972552
[INPUT] 0    0    [2    /1   ]  8.9791477428      0.40623896148
                                3.686300237       0.24338217176
[INPUT] 0    0    [1    /1   ]  0.84660076805        1
[INPUT] 0    0    [1    /1   ]  0.33647133771        1
[INPUT] 0    0    [1    /1   ]  0.13647653675        1
[INPUT] 1    0    [4    /1   ]  49.20038051       0.0055552416751
                                11.346790537      0.038052379723
                                3.4273972411      0.14953671029
                                1.1785525134      0.3494930523
[INPUT] 1    0    [1    /1   ]  0.41642204972        1
[INPUT] 1    0    [1    /1   ]  0.14260826011        1
[INPUT] 2    0    [1    /1   ]  1.654                1
[INPUT] 2    0    [1    /1   ]  0.469                1
[INPUT] 3    0    [1    /1   ]  1.093                1
[INPUT] C
[INPUT] 0    0    [6    /1   ]  13575.349682      0.00022245814352
                                2035.233368       0.0017232738252
                                463.22562359      0.0089255715314
                                131.20019598      0.035727984502
                                42.853015891      0.11076259931
                                15.584185766      0.24295627626
[INPUT] 0    0    [2    /1   ]  6.2067138508      0.41440263448
                                2.5764896527      0.23744968655
[INPUT] 0    0    [1    /1   ]  0.57696339419        1
[INPUT] 0    0    [1    /1   ]  0.22972831358        1
[INPUT] 0    0    [1    /1   ]  0.095164440028       1
[INPUT] 1    0    [4    /1   ]  34.697232244      0.0053333657805
                                7.9582622826      0.035864109092
                                2.3780826883      0.14215873329
                                0.81433208183     0.34270471845
[INPUT] 1    0    [1    /1   ]  0.28887547253        1
[INPUT] 1    0    [1    /1   ]  0.10056823671        1
[INPUT] 2    0    [1    /1   ]  1.097                1
[INPUT] 2    0    [1    /1   ]  0.318                1
[INPUT] 3    0    [1    /1   ]  0.761                1

nuclear repulsion = 2597.55955351967
number of shells = 408
number of NR pGTOs = 1549
number of NR cGTOs = 1050
basis = def2-tzvp
ecp = {}
CPU time:         2.62
RKS
Density fitting turned on
Molecule built
Calculating SCF Energy...


******** <class 'pyscf.df.df_jk.density_fit.<locals>.DFHF'> ********
method = DFHF-RKS-RHF
initial guess = chkfile
damping factor = 0
level_shift factor = 0
DIIS = <class 'pyscf.scf.diis.CDIIS'>
diis_start_cycle = 1
diis_space = 8
SCF conv_tol = 1e-10
SCF conv_tol_grad = None
SCF max_cycles = 50
direct_scf = True
direct_scf_tol = 1e-13
chkfile to save SCF result = 49_Triphenylamino_5_wb97x.chk
max_memory 50000 MB (current use 55 MB)
XC functionals = wb97x
small_rho_cutoff = 1e-07
radial grids: 
    Treutler-Ahlrichs [JCP 102, 346 (1995); DOI:10.1063/1.469408] (M4) radial grids
    
becke partition: Becke, JCP 88, 2547 (1988); DOI:10.1063/1.454033
pruning grids: <function nwchem_prune at 0x7f9f61b3ee18>
grids dens level: 3
symmetrized grids: False
atomic radii adjust function: <function treutler_atomic_radii_adjust at 0x7f9f61b3ed90>
Set gradient conv threshold to 1e-05
atom N rad-grids = 75, ang-grids = [ 50  50  50  50  50  50  50  50  50  50  50  50  50  50  50  50  50  50
  50  50  50  50  50  86  86  86  86  86  86  86  86  86 266 266 266 266
 266 266 266 302 302 302 302 302 302 302 302 302 302 302 302 302 302 302
 302 302 302 302 266 266 266 266 266 266 266 266 266 266 266 266 266 266
 266 266 266]
atom C rad-grids = 75, ang-grids = [ 50  50  50  50  50  50  50  50  50  50  50  50  50  50  50  50  50  50
  50  50  50  50  50  86  86  86  86  86  86  86  86  86  86 266 266 266
 266 266 266 266 302 302 302 302 302 302 302 302 302 302 302 302 302 302
 302 302 302 302 302 302 266 266 266 266 266 266 266 266 266 266 266 266
 266 266 266]
atom H rad-grids = 50, ang-grids = [ 50  50  50  50  50  50  50  50  50  50  50  50  50  50  86  86  86  86
 266 266 266 266 302 302 302 302 302 302 302 302 302 302 302 302 302 266
 266 266 266 266 266 266 266 266 266 266 266 266 266 266]
atom S rad-grids = 80, ang-grids = [ 50  50  50  50  50  50  50  50  50  50  50  50  50  50  50  50  50  50
  50  50  50  50  50  50  86  86  86  86  86  86  86  86  86  86  86  86
  86 350 350 350 350 350 350 350 350 350 434 434 434 434 434 434 434 434
 434 434 434 434 434 434 434 434 434 434 350 350 350 350 350 350 350 350
 350 350 350 350 350 350 350 350]
tot grids = 612926
Drop grids 104703
    CPU time for setting up grids    103.53 sec, wall time      6.04 sec
nelec by numeric integration = 212.00017659240413
    CPU time for vxc    174.23 sec, wall time      9.83 sec
******** <class 'pyscf.df.df.DF'> ********
auxbasis = None
max_memory = 50000
_cderi_to_save = /tmp/job.16222086.hpc/tmp79smz94t
Default auxbasis def2-tzvp-jkfit is used for S def2-tzvp
Default auxbasis def2-tzvp-jkfit is used for H def2-tzvp
Default auxbasis def2-tzvp-jkfit is used for N def2-tzvp
Default auxbasis def2-tzvp-jkfit is used for C def2-tzvp
num shells = 877, num cGTOs = 2651
size of aux basis 2651
int3c2e [1/1], AO [0:408], nrow = 551775
    CPU time for cholesky_eri    226.47 sec, wall time     35.11 sec
    CPU time for df vj and vk    706.14 sec, wall time     67.04 sec
Create RSH-DF object <pyscf.df.df.DF object at 0x7f9f6b2e1fd0> for omega=0.3
******** <class 'pyscf.df.df.DF'> ********
auxbasis = None
max_memory = 50000
_cderi_to_save = /tmp/job.16222086.hpc/tmpa2wtkpu0
Default auxbasis def2-tzvp-jkfit is used for S def2-tzvp
Default auxbasis def2-tzvp-jkfit is used for H def2-tzvp
Default auxbasis def2-tzvp-jkfit is used for N def2-tzvp
Default auxbasis def2-tzvp-jkfit is used for C def2-tzvp
num shells = 877, num cGTOs = 2651
size of aux basis 2066
int3c2e [1/2], AO [0:357], nrow = 424581
int3c2e [2/2], AO [357:408], nrow = 127194
    CPU time for cholesky_eri    300.82 sec, wall time     22.59 sec
    CPU time for df vj and vk    668.25 sec, wall time     44.39 sec
E1 = -7291.0573523425965  Ecoul = 3323.0778121392  Exc = -194.32155088326854
init E= -1564.741537567
cond(S) = 1464567.6564261387
    CPU time for initialize scf   1661.94 sec, wall time    128.50 sec
  HOMO = -0.272687820593612  LUMO = -0.0146701123012462
  mo_energy =
[-8.88855135e+01 -1.44372151e+01 -1.44088040e+01 -1.43966519e+01
 -1.03428593e+01 -1.03219363e+01 -1.03162122e+01 -1.03161674e+01
 -1.03161574e+01 -1.03050827e+01 -1.03018366e+01 -1.03002354e+01
 -1.02997911e+01 -1.02920571e+01 -1.02817540e+01 -1.02816527e+01
 -1.02812314e+01 -1.02750352e+01 -1.02747704e+01 -1.02747348e+01
 -1.02747264e+01 -1.02747050e+01 -1.02745382e+01 -1.02745216e+01
 -1.02718259e+01 -1.02718191e+01 -1.02714435e+01 -1.02714193e+01
 -1.02695288e+01 -1.02695107e+01 -8.07272668e+00 -6.03392109e+00
 -6.03008385e+00 -6.02740294e+00 -1.11097738e+00 -1.10493762e+00
 -1.07347046e+00 -1.00679890e+00 -9.96948312e-01 -9.81627914e-01
 -9.60041100e-01 -9.45237863e-01 -9.02607339e-01 -8.98794830e-01
 -8.93351668e-01 -8.86826933e-01 -8.83758595e-01 -8.81961459e-01
 -8.68210770e-01 -8.40918065e-01 -7.81418441e-01 -7.67566819e-01
 -7.58618632e-01 -7.54645010e-01 -7.37359551e-01 -7.34199122e-01
 -7.31317380e-01 -7.07425393e-01 -6.92153106e-01 -6.83099080e-01
 -6.62405157e-01 -6.58081897e-01 -6.41392941e-01 -6.18520540e-01
 -6.05098833e-01 -6.03676768e-01 -5.99111238e-01 -5.90921689e-01
 -5.83628791e-01 -5.74287162e-01 -5.70544123e-01 -5.65356486e-01
 -5.56946788e-01 -5.53369960e-01 -5.46645422e-01 -5.43118107e-01
 -5.40966992e-01 -5.39266351e-01 -5.37527363e-01 -5.35566302e-01
 -5.23064043e-01 -5.17265777e-01 -5.03292224e-01 -4.95843231e-01
 -4.93720469e-01 -4.91551479e-01 -4.82375544e-01 -4.74079488e-01
 -4.68064486e-01 -4.67152107e-01 -4.62333025e-01 -4.52853133e-01
 -4.48609476e-01 -4.37351010e-01 -4.12909009e-01 -3.92845086e-01
 -3.88619027e-01 -3.70222773e-01 -3.67677892e-01 -3.67272619e-01
 -3.64777575e-01 -3.61331320e-01 -3.54416968e-01 -3.52392789e-01
 -3.19266824e-01 -2.72687821e-01 -1.46701123e-02  3.35578004e-02
  3.79379161e-02  4.37597386e-02  5.60201025e-02  6.31739178e-02
  6.65098301e-02  7.80158273e-02  8.72769777e-02  1.09075322e-01
  1.16028095e-01  1.25547048e-01  1.31637508e-01  1.35563201e-01
  1.39169131e-01  1.45289514e-01  1.47772037e-01  1.51044889e-01
  1.56899100e-01  1.61281886e-01  1.63905803e-01  1.66103274e-01
  1.70098149e-01  1.72722827e-01  1.79270457e-01  1.83736050e-01
  1.84981721e-01  1.90184805e-01  1.97648776e-01  1.99990491e-01
  2.04230090e-01  2.11504313e-01  2.18774288e-01  2.19108964e-01
  2.21895175e-01  2.28326729e-01  2.34266857e-01  2.38065743e-01
  2.43056501e-01  2.48253681e-01  2.55793643e-01  2.58121980e-01
  2.62281467e-01  2.64585706e-01  2.68331773e-01  2.73004261e-01
  2.76550027e-01  2.77239731e-01  2.79734388e-01  2.82904706e-01
  2.84875373e-01  2.86955369e-01  2.92001122e-01  2.93093577e-01
  3.00637551e-01  3.03692102e-01  3.07408236e-01  3.10757397e-01
  3.11006004e-01  3.12967427e-01  3.14916968e-01  3.17208091e-01
  3.18862764e-01  3.20404616e-01  3.29802963e-01  3.30717459e-01
  3.31788960e-01  3.36393042e-01  3.37984319e-01  3.43725508e-01
  3.45481369e-01  3.51282194e-01  3.56964430e-01  3.57530278e-01
  3.61660953e-01  3.63775816e-01  3.72296956e-01  3.75988971e-01
  3.76889513e-01  3.79158385e-01  3.84126227e-01  3.87396377e-01
  3.87578274e-01  3.92198810e-01  3.98919101e-01  4.01215746e-01
  4.01685692e-01  4.10188715e-01  4.12041543e-01  4.19574278e-01
  4.22009275e-01  4.24079330e-01  4.28444066e-01  4.30558818e-01
  4.35643185e-01  4.43251741e-01  4.45885716e-01  4.47842501e-01
  4.50188061e-01  4.52062184e-01  4.54257037e-01  4.55666656e-01
  4.59526347e-01  4.63417090e-01  4.66578205e-01  4.67690359e-01
  4.69809480e-01  4.70820563e-01  4.71790610e-01  4.77098394e-01
  4.79085760e-01  4.81724347e-01  4.89411126e-01  4.91769586e-01
  4.93037112e-01  4.96232748e-01  4.99909527e-01  5.02134896e-01
  5.02473814e-01  5.06055268e-01  5.07705931e-01  5.10143340e-01
  5.12345357e-01  5.13235598e-01  5.19942961e-01  5.22696835e-01
  5.25316055e-01  5.30203751e-01  5.33770889e-01  5.38934285e-01
  5.47835815e-01  5.50405208e-01  5.52822136e-01  5.58983428e-01
  5.60692647e-01  5.64452674e-01  5.66170347e-01  5.67762135e-01
  5.71263034e-01  5.74910808e-01  5.79473206e-01  5.80042831e-01
  5.86339427e-01  5.89337662e-01  5.96173380e-01  5.99254650e-01
  6.04105784e-01  6.06143143e-01  6.09143676e-01  6.12435007e-01
  6.15264075e-01  6.23513323e-01  6.24739114e-01  6.29508483e-01
  6.33788450e-01  6.45250038e-01  6.46584969e-01  6.51065258e-01
  6.56601095e-01  6.61722002e-01  6.63187317e-01  6.69354384e-01
  6.73493634e-01  6.79396395e-01  6.83621403e-01  6.85198237e-01
  6.97311193e-01  7.00152930e-01  7.04499412e-01  7.11724478e-01
  7.15622780e-01  7.23734808e-01  7.29629103e-01  7.30950856e-01
  7.33358177e-01  7.42903729e-01  7.44815052e-01  7.46163669e-01
  7.51318138e-01  7.55539033e-01  7.56811944e-01  7.58916625e-01
  7.62413400e-01  7.66372026e-01  7.70152754e-01  7.74284016e-01
  7.75426027e-01  7.77286032e-01  7.79662023e-01  7.81391948e-01
  7.86486852e-01  7.88958120e-01  7.93472982e-01  7.98304862e-01
  8.03188040e-01  8.06207557e-01  8.14520517e-01  8.19260747e-01
  8.23083182e-01  8.31117366e-01  8.38465690e-01  8.40486301e-01
  8.44274964e-01  8.47231836e-01  8.48312321e-01  8.54942650e-01
  8.60178353e-01  8.62805405e-01  8.64318180e-01  8.71382064e-01
  8.77177497e-01  8.77368714e-01  8.84533765e-01  8.87309902e-01
  8.89755958e-01  8.96976855e-01  9.06370884e-01  9.10984397e-01
  9.15506421e-01  9.20144989e-01  9.22993950e-01  9.23230073e-01
  9.31269296e-01  9.34393533e-01  9.38214986e-01  9.46266906e-01
  9.50942462e-01  9.57884124e-01  9.62745006e-01  9.71035212e-01
  9.73481812e-01  9.75232318e-01  9.78727939e-01  9.82382822e-01
  9.95802983e-01  1.00425375e+00  1.00995247e+00  1.01574940e+00
  1.02606919e+00  1.03420615e+00  1.04250295e+00  1.04671223e+00
  1.04977439e+00  1.05198621e+00  1.05812509e+00  1.06645278e+00
  1.06974436e+00  1.07181113e+00  1.08056596e+00  1.09102284e+00
  1.09703131e+00  1.10502292e+00  1.11216530e+00  1.11702595e+00
  1.13232284e+00  1.13405428e+00  1.14104975e+00  1.14496524e+00
  1.15207127e+00  1.15415679e+00  1.16020319e+00  1.16365954e+00
  1.16563694e+00  1.17440590e+00  1.17973669e+00  1.18228300e+00
  1.18917313e+00  1.19523626e+00  1.20179542e+00  1.21151359e+00
  1.22075002e+00  1.22697627e+00  1.22926600e+00  1.23171258e+00
  1.23629148e+00  1.24623192e+00  1.25362461e+00  1.26882939e+00
  1.27500603e+00  1.28027934e+00  1.28755084e+00  1.29505971e+00
  1.30210105e+00  1.30997797e+00  1.31126911e+00  1.31176626e+00
  1.31646914e+00  1.32136177e+00  1.32670154e+00  1.32915957e+00
  1.33316888e+00  1.33683271e+00  1.34557397e+00  1.34722874e+00
  1.34838685e+00  1.35458598e+00  1.36030184e+00  1.36436930e+00
  1.36904511e+00  1.37578504e+00  1.38074977e+00  1.38690376e+00
  1.38866914e+00  1.39908968e+00  1.40313388e+00  1.40382677e+00
  1.40784795e+00  1.41174968e+00  1.42099033e+00  1.42218339e+00
  1.43179649e+00  1.43453010e+00  1.44077955e+00  1.45194557e+00
  1.45895183e+00  1.46770790e+00  1.48265150e+00  1.48891947e+00
  1.49317892e+00  1.50136240e+00  1.50762065e+00  1.51430524e+00
  1.51701739e+00  1.51951527e+00  1.52307748e+00  1.53655836e+00
  1.55079700e+00  1.55451374e+00  1.55701137e+00  1.55913011e+00
  1.56004868e+00  1.56333363e+00  1.56691272e+00  1.57293240e+00
  1.57457777e+00  1.57986270e+00  1.58426826e+00  1.58781535e+00
  1.59675500e+00  1.60144593e+00  1.60359248e+00  1.61402199e+00
  1.62159795e+00  1.62651118e+00  1.63355453e+00  1.64023205e+00
  1.64490916e+00  1.64802050e+00  1.65065464e+00  1.65237651e+00
  1.65575639e+00  1.66267124e+00  1.66834990e+00  1.67154515e+00
  1.67564334e+00  1.68094782e+00  1.68308462e+00  1.68674378e+00
  1.69526674e+00  1.69806225e+00  1.70071791e+00  1.70427565e+00
  1.70866020e+00  1.71282813e+00  1.71901471e+00  1.72498264e+00
  1.73420687e+00  1.73658389e+00  1.75076966e+00  1.75457927e+00
  1.75518874e+00  1.75860228e+00  1.76063177e+00  1.76327435e+00
  1.76921839e+00  1.77962026e+00  1.78085368e+00  1.78710545e+00
  1.79285538e+00  1.79739840e+00  1.80232250e+00  1.80728536e+00
  1.81174253e+00  1.81263827e+00  1.81724748e+00  1.81976851e+00
  1.82521530e+00  1.82679423e+00  1.84586217e+00  1.84904228e+00
  1.85287334e+00  1.85453621e+00  1.86152666e+00  1.86823084e+00
  1.87145458e+00  1.87561108e+00  1.88464386e+00  1.89120585e+00
  1.89548640e+00  1.90349402e+00  1.90408312e+00  1.91244596e+00
  1.92285778e+00  1.93428458e+00  1.93565083e+00  1.94395079e+00
  1.94650536e+00  1.96383034e+00  1.97005127e+00  1.97534076e+00
  1.98701485e+00  1.98978115e+00  1.99089715e+00  2.00509148e+00
  2.01338254e+00  2.02000999e+00  2.02503210e+00  2.02976820e+00
  2.03199859e+00  2.03491511e+00  2.04084489e+00  2.04777517e+00
  2.05150278e+00  2.05819542e+00  2.06071244e+00  2.06774315e+00
  2.07736075e+00  2.08771648e+00  2.09732984e+00  2.10228786e+00
  2.11352780e+00  2.12634214e+00  2.12993277e+00  2.13902658e+00
  2.14638024e+00  2.15179227e+00  2.15540590e+00  2.15548404e+00
  2.16009227e+00  2.16530670e+00  2.18277196e+00  2.18636474e+00
  2.20041080e+00  2.20101673e+00  2.20342681e+00  2.20684343e+00
  2.21083229e+00  2.21351502e+00  2.22351380e+00  2.23973668e+00
  2.24449191e+00  2.25133037e+00  2.25445798e+00  2.25730660e+00
  2.26780454e+00  2.27574650e+00  2.28113521e+00  2.28551401e+00
  2.29348435e+00  2.30201556e+00  2.31554651e+00  2.32017924e+00
  2.32564668e+00  2.33057789e+00  2.33445457e+00  2.34303648e+00
  2.35010099e+00  2.36272850e+00  2.37028173e+00  2.37321289e+00
  2.38079044e+00  2.38347064e+00  2.39618501e+00  2.40052558e+00
  2.40534625e+00  2.42175538e+00  2.42499273e+00  2.43953383e+00
  2.45043987e+00  2.46956143e+00  2.47454070e+00  2.47863733e+00
  2.48615904e+00  2.50313393e+00  2.50568820e+00  2.51382406e+00
  2.51781250e+00  2.52414958e+00  2.53377232e+00  2.54100538e+00
  2.55527826e+00  2.56246667e+00  2.57143218e+00  2.57691306e+00
  2.59352215e+00  2.60739848e+00  2.60773281e+00  2.62455911e+00
  2.63061793e+00  2.63497401e+00  2.63683454e+00  2.64297373e+00
  2.64544575e+00  2.65734427e+00  2.66856009e+00  2.67169407e+00
  2.67657316e+00  2.68085750e+00  2.68323251e+00  2.69094416e+00
  2.69274953e+00  2.70003639e+00  2.70408563e+00  2.70555994e+00
  2.71214217e+00  2.71662859e+00  2.73051007e+00  2.73856883e+00
  2.74018598e+00  2.74262228e+00  2.74768573e+00  2.75112515e+00
  2.75336291e+00  2.75446778e+00  2.76026949e+00  2.76611787e+00
  2.77160837e+00  2.77319680e+00  2.77787053e+00  2.79099579e+00
  2.79637152e+00  2.79990958e+00  2.80264221e+00  2.80652906e+00
  2.80802023e+00  2.81367801e+00  2.81902271e+00  2.82187266e+00
  2.82756064e+00  2.82853241e+00  2.83791609e+00  2.84248443e+00
  2.84621104e+00  2.84944814e+00  2.85274916e+00  2.85810193e+00
  2.85915972e+00  2.86468073e+00  2.86702911e+00  2.87400301e+00
  2.88073919e+00  2.88505841e+00  2.88917833e+00  2.89238279e+00
  2.89607274e+00  2.90072974e+00  2.90586139e+00  2.91094427e+00
  2.91259391e+00  2.92094610e+00  2.92206673e+00  2.92877228e+00
  2.93112407e+00  2.93393466e+00  2.94035502e+00  2.94380837e+00
  2.94738135e+00  2.95124858e+00  2.95293510e+00  2.95453766e+00
  2.96040054e+00  2.96307258e+00  2.96782284e+00  2.97282871e+00
  2.97456947e+00  2.99144323e+00  2.99551992e+00  2.99939283e+00
  3.00125224e+00  3.00752932e+00  3.01269321e+00  3.01674747e+00
  3.02358822e+00  3.02777883e+00  3.03026170e+00  3.04052017e+00
  3.04845349e+00  3.05063518e+00  3.06058077e+00  3.06312860e+00
  3.06790607e+00  3.07651874e+00  3.08053725e+00  3.08411854e+00
  3.09310555e+00  3.09549027e+00  3.10020475e+00  3.11506329e+00
  3.11913618e+00  3.12475837e+00  3.13523299e+00  3.14362547e+00
  3.15271472e+00  3.15344029e+00  3.16076637e+00  3.16410517e+00
  3.17913577e+00  3.18104623e+00  3.18683733e+00  3.19383039e+00
  3.19949404e+00  3.20306845e+00  3.20748300e+00  3.21033349e+00
  3.21255110e+00  3.21710180e+00  3.22113115e+00  3.22416001e+00
  3.22631133e+00  3.23450835e+00  3.23661669e+00  3.24362357e+00
  3.24567692e+00  3.24848512e+00  3.25132931e+00  3.25313200e+00
  3.25484914e+00  3.26226541e+00  3.26492168e+00  3.26819003e+00
  3.26974734e+00  3.27513868e+00  3.28580151e+00  3.28913477e+00
  3.29192439e+00  3.30011300e+00  3.30232777e+00  3.31747169e+00
  3.32260939e+00  3.32556046e+00  3.33430473e+00  3.33544854e+00
  3.33945629e+00  3.34655803e+00  3.34775660e+00  3.35279378e+00
  3.36056448e+00  3.36824387e+00  3.37366916e+00  3.37936533e+00
  3.38081827e+00  3.38398737e+00  3.39014338e+00  3.39093737e+00
  3.40120754e+00  3.41214775e+00  3.41733428e+00  3.41786126e+00
  3.42544041e+00  3.42755634e+00  3.42892849e+00  3.43287714e+00
  3.43425098e+00  3.43871960e+00  3.44145030e+00  3.44555290e+00
  3.45325066e+00  3.45928378e+00  3.46888536e+00  3.47236703e+00
  3.47489961e+00  3.47989112e+00  3.48286214e+00  3.48617742e+00
  3.49010201e+00  3.49708589e+00  3.49881958e+00  3.50353257e+00
  3.50593629e+00  3.50913280e+00  3.51402298e+00  3.51594813e+00
  3.52143273e+00  3.52754696e+00  3.53220601e+00  3.53609513e+00
  3.53760394e+00  3.53842108e+00  3.54862039e+00  3.55000560e+00
  3.55243926e+00  3.56090326e+00  3.56129519e+00  3.56850939e+00
  3.57972167e+00  3.58470439e+00  3.59028706e+00  3.59290984e+00
  3.59841216e+00  3.60201363e+00  3.60414628e+00  3.60550371e+00
  3.61383440e+00  3.61695328e+00  3.62367961e+00  3.63335922e+00
  3.63406737e+00  3.63955670e+00  3.64920882e+00  3.65592032e+00
  3.66054790e+00  3.66279829e+00  3.66678932e+00  3.67228689e+00
  3.67845655e+00  3.68358115e+00  3.69507140e+00  3.70384416e+00
  3.70758070e+00  3.72620587e+00  3.74021338e+00  3.74976298e+00
  3.75641285e+00  3.76152013e+00  3.76276887e+00  3.77142262e+00
  3.77450181e+00  3.78980907e+00  3.79515142e+00  3.80642220e+00
  3.81593127e+00  3.82848880e+00  3.83092252e+00  3.83184272e+00
  3.84637890e+00  3.84996501e+00  3.85391474e+00  3.86226023e+00
  3.86601720e+00  3.88040740e+00  3.89296039e+00  3.90364306e+00
  3.91070949e+00  3.91383191e+00  3.92981420e+00  3.96269789e+00
  3.97559198e+00  3.98743734e+00  3.99812074e+00  4.00315752e+00
  4.01204292e+00  4.01417057e+00  4.02065961e+00  4.04422094e+00
  4.04986036e+00  4.06240914e+00  4.08467171e+00  4.08652945e+00
  4.09314585e+00  4.09770025e+00  4.10071533e+00  4.10846676e+00
  4.11523131e+00  4.12291243e+00  4.12326707e+00  4.12604487e+00
  4.13032525e+00  4.13729555e+00  4.15646740e+00  4.15963767e+00
  4.16476885e+00  4.17142905e+00  4.18076383e+00  4.18493685e+00
  4.19085425e+00  4.20126107e+00  4.21441966e+00  4.22015120e+00
  4.22224979e+00  4.23223387e+00  4.24978508e+00  4.25817140e+00
  4.26200800e+00  4.26510601e+00  4.27307143e+00  4.27496244e+00
  4.28043290e+00  4.28389852e+00  4.28818709e+00  4.28962500e+00
  4.29895448e+00  4.30579985e+00  4.32192274e+00  4.32750733e+00
  4.33215310e+00  4.33497693e+00  4.34256554e+00  4.35442250e+00
  4.36841860e+00  4.37813935e+00  4.38385010e+00  4.38980672e+00
  4.39005727e+00  4.39629882e+00  4.39788834e+00  4.40358547e+00
  4.41181180e+00  4.41951399e+00  4.43332018e+00  4.44320081e+00
  4.44963525e+00  4.47026138e+00  4.47588784e+00  4.47812244e+00
  4.50529894e+00  4.51137151e+00  4.53923131e+00  4.55042940e+00
  4.57989515e+00  4.59148073e+00  4.60514948e+00  4.60586905e+00
  4.64928260e+00  4.65688090e+00  4.66228668e+00  4.68185489e+00
  4.68337312e+00  4.70202029e+00  4.70292980e+00  4.73084367e+00
  4.74522705e+00  4.75699984e+00  4.77880501e+00  4.78636202e+00
  4.81435246e+00  4.82023799e+00  4.82312913e+00  4.84576564e+00
  4.85430253e+00  4.85603489e+00  4.87530657e+00  4.89351759e+00
  4.90059189e+00  4.91748093e+00  4.92815717e+00  4.93829471e+00
  4.94089065e+00  4.95958455e+00  4.96256630e+00  4.97927143e+00
  4.98364991e+00  4.98432637e+00  4.99421513e+00  5.00627845e+00
  5.01547008e+00  5.02334148e+00  5.02467987e+00  5.05904821e+00
  5.07181978e+00  5.08227085e+00  5.11708492e+00  5.12622116e+00
  5.15170099e+00  5.15298463e+00  5.16293632e+00  5.18843843e+00
  5.19596772e+00  5.21429679e+00  5.22228245e+00  5.23010959e+00
  5.27337554e+00  5.28850871e+00  5.30434418e+00  5.31338649e+00
  5.32416307e+00  5.33714202e+00  5.34445791e+00  5.35719397e+00
  5.36386471e+00  5.36835381e+00  5.39209055e+00  5.40728612e+00
  5.41342463e+00  5.41716184e+00  5.43774841e+00  5.49037700e+00
  5.51622298e+00  5.54052250e+00  5.56579263e+00  5.60091555e+00
  5.62995230e+00  5.65280099e+00  5.65622003e+00  5.66410089e+00
  5.67922648e+00  5.70113777e+00  5.70994528e+00  5.71910969e+00
  5.73575858e+00  5.75064165e+00  5.80427772e+00  5.86020686e+00
  5.88308145e+00  5.91793446e+00  5.92779723e+00  6.03269362e+00
  6.08234912e+00  6.12968298e+00  6.13150881e+00  6.17181127e+00
  6.24369555e+00  8.98190781e+00  9.54971154e+00  9.58779684e+00
  2.03555065e+01  2.22116598e+01  2.22515092e+01  2.23629668e+01
  2.24616342e+01  2.25988672e+01  2.26104066e+01  2.26160873e+01
  2.26171512e+01  2.26697175e+01  2.27007911e+01  2.27524985e+01
  2.27655705e+01  2.27777553e+01  2.27903702e+01  2.27926635e+01
  2.27992848e+01  2.28079705e+01  2.28355958e+01  2.28536083e+01
  2.28903253e+01  2.30081983e+01  2.30380620e+01  2.31808238e+01
  2.31944902e+01  2.32362216e+01  2.33708427e+01  3.24165487e+01
  3.24961520e+01  3.32640187e+01]
nelec by numeric integration = 212.00017659245802
    CPU time for vxc    144.74 sec, wall time      8.03 sec
    CPU time for df vj and vk    463.99 sec, wall time     30.38 sec
    CPU time for df vj and vk    381.48 sec, wall time     20.20 sec
E1 = -7291.057313490188  Ecoul = 3323.077772198633  Exc = -194.32154979510398
cycle= 1 E= -1564.74153756699  delta_E= 5.46e-12  |g|= 7.45e-06  |ddm|= 1.22e-05
    CPU time for cycle= 1    998.83 sec, wall time     59.94 sec
  HOMO = -0.272688418446357  LUMO = -0.0146699864130658
  mo_energy =
[-8.88855136e+01 -1.44372197e+01 -1.44088050e+01 -1.43966535e+01
 -1.03428601e+01 -1.03219397e+01 -1.03162149e+01 -1.03161694e+01
 -1.03161535e+01 -1.03050829e+01 -1.03018374e+01 -1.03002347e+01
 -1.02997907e+01 -1.02920529e+01 -1.02817530e+01 -1.02816499e+01
 -1.02812321e+01 -1.02750348e+01 -1.02747709e+01 -1.02747338e+01
 -1.02747256e+01 -1.02747076e+01 -1.02745378e+01 -1.02745209e+01
 -1.02718264e+01 -1.02718202e+01 -1.02714445e+01 -1.02714203e+01
 -1.02695278e+01 -1.02695095e+01 -8.07272664e+00 -6.03392108e+00
 -6.03008383e+00 -6.02740293e+00 -1.11098005e+00 -1.10493762e+00
 -1.07347096e+00 -1.00679843e+00 -9.96948758e-01 -9.81627870e-01
 -9.60041302e-01 -9.45237520e-01 -9.02607357e-01 -8.98795264e-01
 -8.93351867e-01 -8.86827092e-01 -8.83758671e-01 -8.81961717e-01
 -8.68210767e-01 -8.40918217e-01 -7.81418479e-01 -7.67566962e-01
 -7.58619101e-01 -7.54645309e-01 -7.37359745e-01 -7.34199431e-01
 -7.31317698e-01 -7.07425533e-01 -6.92153017e-01 -6.83098988e-01
 -6.62405577e-01 -6.58082559e-01 -6.41392763e-01 -6.18520713e-01
 -6.05098860e-01 -6.03677049e-01 -5.99111440e-01 -5.90922061e-01
 -5.83629129e-01 -5.74287244e-01 -5.70544148e-01 -5.65356760e-01
 -5.56946968e-01 -5.53369772e-01 -5.46645659e-01 -5.43118252e-01
 -5.40967098e-01 -5.39266590e-01 -5.37527581e-01 -5.35566378e-01
 -5.23064185e-01 -5.17265781e-01 -5.03292673e-01 -4.95843607e-01
 -4.93720819e-01 -4.91550971e-01 -4.82375258e-01 -4.74079535e-01
 -4.68064534e-01 -4.67152280e-01 -4.62333132e-01 -4.52853470e-01
 -4.48609406e-01 -4.37351117e-01 -4.12909366e-01 -3.92845112e-01
 -3.88619135e-01 -3.70222819e-01 -3.67678438e-01 -3.67272664e-01
 -3.64777913e-01 -3.61331464e-01 -3.54417164e-01 -3.52392979e-01
 -3.19266775e-01 -2.72688418e-01 -1.46699864e-02  3.35577160e-02
  3.79377557e-02  4.37592095e-02  5.60199308e-02  6.31738681e-02
  6.65095734e-02  7.80156817e-02  8.72773301e-02  1.09075190e-01
  1.16027939e-01  1.25547119e-01  1.31637430e-01  1.35563283e-01
  1.39169214e-01  1.45289347e-01  1.47771886e-01  1.51044809e-01
  1.56898992e-01  1.61281929e-01  1.63905776e-01  1.66103223e-01
  1.70098135e-01  1.72722783e-01  1.79270445e-01  1.83735946e-01
  1.84981607e-01  1.90184787e-01  1.97648805e-01  1.99990636e-01
  2.04230104e-01  2.11504503e-01  2.18774002e-01  2.19109053e-01
  2.21895383e-01  2.28326595e-01  2.34266678e-01  2.38065512e-01
  2.43056492e-01  2.48253687e-01  2.55793523e-01  2.58121905e-01
  2.62281406e-01  2.64585769e-01  2.68331753e-01  2.73003659e-01
  2.76549792e-01  2.77239516e-01  2.79734301e-01  2.82904673e-01
  2.84875362e-01  2.86955255e-01  2.92001025e-01  2.93093567e-01
  3.00637614e-01  3.03692041e-01  3.07408184e-01  3.10757314e-01
  3.11005976e-01  3.12967372e-01  3.14916958e-01  3.17207859e-01
  3.18862649e-01  3.20404541e-01  3.29802903e-01  3.30717502e-01
  3.31789163e-01  3.36392881e-01  3.37984131e-01  3.43725021e-01
  3.45480979e-01  3.51282210e-01  3.56964242e-01  3.57530166e-01
  3.61660823e-01  3.63775791e-01  3.72296547e-01  3.75988798e-01
  3.76889451e-01  3.79158517e-01  3.84126189e-01  3.87396232e-01
  3.87577920e-01  3.92198804e-01  3.98918900e-01  4.01215549e-01
  4.01685500e-01  4.10188837e-01  4.12041481e-01  4.19574269e-01
  4.22009303e-01  4.24079374e-01  4.28444132e-01  4.30558904e-01
  4.35642990e-01  4.43251664e-01  4.45885490e-01  4.47842399e-01
  4.50187914e-01  4.52061946e-01  4.54256796e-01  4.55666578e-01
  4.59526007e-01  4.63417071e-01  4.66578080e-01  4.67690115e-01
  4.69809195e-01  4.70820444e-01  4.71790506e-01  4.77098223e-01
  4.79085640e-01  4.81724284e-01  4.89411048e-01  4.91769524e-01
  4.93037052e-01  4.96232794e-01  4.99909390e-01  5.02134910e-01
  5.02473786e-01  5.06055215e-01  5.07705979e-01  5.10143243e-01
  5.12345305e-01  5.13235582e-01  5.19942941e-01  5.22696787e-01
  5.25316116e-01  5.30203701e-01  5.33770885e-01  5.38934251e-01
  5.47835730e-01  5.50404980e-01  5.52822034e-01  5.58983449e-01
  5.60692420e-01  5.64452474e-01  5.66170285e-01  5.67761927e-01
  5.71262808e-01  5.74910631e-01  5.79473117e-01  5.80042675e-01
  5.86339377e-01  5.89337648e-01  5.96173036e-01  5.99254399e-01
  6.04105604e-01  6.06142917e-01  6.09143502e-01  6.12434899e-01
  6.15263985e-01  6.23513266e-01  6.24738944e-01  6.29508448e-01
  6.33788242e-01  6.45249805e-01  6.46584960e-01  6.51065294e-01
  6.56600814e-01  6.61721646e-01  6.63186755e-01  6.69354180e-01
  6.73493611e-01  6.79396168e-01  6.83621088e-01  6.85198131e-01
  6.97310980e-01  7.00152990e-01  7.04499287e-01  7.11724445e-01
  7.15622668e-01  7.23734832e-01  7.29628678e-01  7.30950848e-01
  7.33358210e-01  7.42903617e-01  7.44814963e-01  7.46163648e-01
  7.51318062e-01  7.55538895e-01  7.56812017e-01  7.58916506e-01
  7.62413351e-01  7.66371810e-01  7.70152714e-01  7.74283839e-01
  7.75425838e-01  7.77285876e-01  7.79661681e-01  7.81392000e-01
  7.86486814e-01  7.88958069e-01  7.93472936e-01  7.98304801e-01
  8.03187797e-01  8.06207489e-01  8.14520547e-01  8.19260776e-01
  8.23083208e-01  8.31117236e-01  8.38465641e-01  8.40486304e-01
  8.44274872e-01  8.47231708e-01  8.48312231e-01  8.54942498e-01
  8.60178242e-01  8.62805180e-01  8.64318028e-01  8.71381919e-01
  8.77177380e-01  8.77368591e-01  8.84533422e-01  8.87309576e-01
  8.89755779e-01  8.96976521e-01  9.06370616e-01  9.10984150e-01
  9.15506357e-01  9.20145014e-01  9.22993661e-01  9.23229933e-01
  9.31269152e-01  9.34393364e-01  9.38214964e-01  9.46266968e-01
  9.50942362e-01  9.57883802e-01  9.62744787e-01  9.71034952e-01
  9.73481617e-01  9.75232160e-01  9.78727687e-01  9.82382838e-01
  9.95802972e-01  1.00425383e+00  1.00995236e+00  1.01574934e+00
  1.02606895e+00  1.03420613e+00  1.04250300e+00  1.04671211e+00
  1.04977430e+00  1.05198611e+00  1.05812497e+00  1.06645293e+00
  1.06974443e+00  1.07181113e+00  1.08056590e+00  1.09102291e+00
  1.09703123e+00  1.10502287e+00  1.11216520e+00  1.11702594e+00
  1.13232271e+00  1.13405423e+00  1.14104968e+00  1.14496510e+00
  1.15207121e+00  1.15415666e+00  1.16020317e+00  1.16365951e+00
  1.16563699e+00  1.17440587e+00  1.17973651e+00  1.18228295e+00
  1.18917281e+00  1.19523594e+00  1.20179539e+00  1.21151351e+00
  1.22074996e+00  1.22697634e+00  1.22926588e+00  1.23171235e+00
  1.23629152e+00  1.24623200e+00  1.25362426e+00  1.26882929e+00
  1.27500599e+00  1.28027915e+00  1.28755051e+00  1.29505967e+00
  1.30210100e+00  1.30997787e+00  1.31126901e+00  1.31176617e+00
  1.31646894e+00  1.32136168e+00  1.32670142e+00  1.32915939e+00
  1.33316855e+00  1.33683259e+00  1.34557372e+00  1.34722850e+00
  1.34838670e+00  1.35458595e+00  1.36030171e+00  1.36436899e+00
  1.36904484e+00  1.37578495e+00  1.38074967e+00  1.38690371e+00
  1.38866889e+00  1.39908956e+00  1.40313377e+00  1.40382655e+00
  1.40784782e+00  1.41174954e+00  1.42099011e+00  1.42218356e+00
  1.43179675e+00  1.43453021e+00  1.44077948e+00  1.45194534e+00
  1.45895177e+00  1.46770802e+00  1.48265124e+00  1.48891955e+00
  1.49317824e+00  1.50136172e+00  1.50762035e+00  1.51430495e+00
  1.51701721e+00  1.51951521e+00  1.52307729e+00  1.53655844e+00
  1.55079708e+00  1.55451377e+00  1.55701131e+00  1.55912992e+00
  1.56004861e+00  1.56333375e+00  1.56691263e+00  1.57293220e+00
  1.57457753e+00  1.57986267e+00  1.58426849e+00  1.58781537e+00
  1.59675485e+00  1.60144571e+00  1.60359226e+00  1.61402182e+00
  1.62159809e+00  1.62651129e+00  1.63355452e+00  1.64023209e+00
  1.64490899e+00  1.64802038e+00  1.65065454e+00  1.65237637e+00
  1.65575637e+00  1.66267099e+00  1.66834969e+00  1.67154491e+00
  1.67564312e+00  1.68094761e+00  1.68308448e+00  1.68674362e+00
  1.69526646e+00  1.69806209e+00  1.70071755e+00  1.70427583e+00
  1.70866021e+00  1.71282824e+00  1.71901476e+00  1.72498266e+00
  1.73420694e+00  1.73658397e+00  1.75076943e+00  1.75457907e+00
  1.75518858e+00  1.75860201e+00  1.76063167e+00  1.76327423e+00
  1.76921815e+00  1.77962032e+00  1.78085380e+00  1.78710549e+00
  1.79285531e+00  1.79739818e+00  1.80232219e+00  1.80728509e+00
  1.81174247e+00  1.81263782e+00  1.81724714e+00  1.81976814e+00
  1.82521499e+00  1.82679402e+00  1.84586224e+00  1.84904215e+00
  1.85287321e+00  1.85453596e+00  1.86152667e+00  1.86823086e+00
  1.87145439e+00  1.87561087e+00  1.88464377e+00  1.89120575e+00
  1.89548633e+00  1.90349366e+00  1.90408297e+00  1.91244603e+00
  1.92285785e+00  1.93428455e+00  1.93565042e+00  1.94395060e+00
  1.94650530e+00  1.96383012e+00  1.97005107e+00  1.97534039e+00
  1.98701464e+00  1.98978107e+00  1.99089684e+00  2.00509137e+00
  2.01338247e+00  2.02001021e+00  2.02503183e+00  2.02976793e+00
  2.03199824e+00  2.03491484e+00  2.04084501e+00  2.04777520e+00
  2.05150245e+00  2.05819530e+00  2.06071161e+00  2.06774270e+00
  2.07736052e+00  2.08771609e+00  2.09732974e+00  2.10228801e+00
  2.11352779e+00  2.12634190e+00  2.12993266e+00  2.13902626e+00
  2.14637985e+00  2.15179203e+00  2.15540592e+00  2.15548420e+00
  2.16009231e+00  2.16530654e+00  2.18277203e+00  2.18636449e+00
  2.20041073e+00  2.20101661e+00  2.20342653e+00  2.20684307e+00
  2.21083178e+00  2.21351544e+00  2.22351358e+00  2.23973658e+00
  2.24449185e+00  2.25133052e+00  2.25445783e+00  2.25730656e+00
  2.26780466e+00  2.27574642e+00  2.28113509e+00  2.28551380e+00
  2.29348423e+00  2.30201614e+00  2.31554615e+00  2.32017930e+00
  2.32564641e+00  2.33057804e+00  2.33445442e+00  2.34303600e+00
  2.35010045e+00  2.36272827e+00  2.37028144e+00  2.37321240e+00
  2.38079014e+00  2.38346975e+00  2.39618464e+00  2.40052566e+00
  2.40534610e+00  2.42175530e+00  2.42499248e+00  2.43953361e+00
  2.45043930e+00  2.46956134e+00  2.47454043e+00  2.47863710e+00
  2.48615917e+00  2.50313364e+00  2.50568817e+00  2.51382416e+00
  2.51781246e+00  2.52414918e+00  2.53377195e+00  2.54100531e+00
  2.55527770e+00  2.56246624e+00  2.57143201e+00  2.57691287e+00
  2.59352174e+00  2.60739854e+00  2.60773276e+00  2.62455894e+00
  2.63061780e+00  2.63497395e+00  2.63683439e+00  2.64297366e+00
  2.64544570e+00  2.65734441e+00  2.66856001e+00  2.67169376e+00
  2.67657316e+00  2.68085747e+00  2.68323285e+00  2.69094411e+00
  2.69274939e+00  2.70003625e+00  2.70408572e+00  2.70555993e+00
  2.71214204e+00  2.71662856e+00  2.73051004e+00  2.73856870e+00
  2.74018575e+00  2.74262220e+00  2.74768559e+00  2.75112493e+00
  2.75336272e+00  2.75446760e+00  2.76026938e+00  2.76611752e+00
  2.77160806e+00  2.77319661e+00  2.77787052e+00  2.79099593e+00
  2.79637132e+00  2.79990965e+00  2.80264229e+00  2.80652900e+00
  2.80802040e+00  2.81367815e+00  2.81902289e+00  2.82187287e+00
  2.82756079e+00  2.82853235e+00  2.83791598e+00  2.84248434e+00
  2.84621086e+00  2.84944783e+00  2.85274903e+00  2.85810183e+00
  2.85915939e+00  2.86468047e+00  2.86702909e+00  2.87400290e+00
  2.88073928e+00  2.88505815e+00  2.88917827e+00  2.89238279e+00
  2.89607265e+00  2.90072961e+00  2.90586147e+00  2.91094437e+00
  2.91259371e+00  2.92094594e+00  2.92206651e+00  2.92877210e+00
  2.93112398e+00  2.93393456e+00  2.94035508e+00  2.94380815e+00
  2.94738141e+00  2.95124851e+00  2.95293491e+00  2.95453768e+00
  2.96040071e+00  2.96307243e+00  2.96782278e+00  2.97282851e+00
  2.97456903e+00  2.99144307e+00  2.99551975e+00  2.99939259e+00
  3.00125194e+00  3.00752927e+00  3.01269302e+00  3.01674719e+00
  3.02358816e+00  3.02777858e+00  3.03026142e+00  3.04051960e+00
  3.04845292e+00  3.05063502e+00  3.06058055e+00  3.06312868e+00
  3.06790591e+00  3.07651850e+00  3.08053721e+00  3.08411836e+00
  3.09310533e+00  3.09549005e+00  3.10020455e+00  3.11506323e+00
  3.11913616e+00  3.12475841e+00  3.13523310e+00  3.14362526e+00
  3.15271477e+00  3.15344044e+00  3.16076666e+00  3.16410500e+00
  3.17913599e+00  3.18104643e+00  3.18683739e+00  3.19383093e+00
  3.19949430e+00  3.20306853e+00  3.20748291e+00  3.21033340e+00
  3.21255115e+00  3.21710180e+00  3.22113100e+00  3.22415998e+00
  3.22631117e+00  3.23450837e+00  3.23661658e+00  3.24362361e+00
  3.24567696e+00  3.24848494e+00  3.25132939e+00  3.25313177e+00
  3.25484907e+00  3.26226513e+00  3.26492159e+00  3.26818996e+00
  3.26974727e+00  3.27513875e+00  3.28580156e+00  3.28913478e+00
  3.29192429e+00  3.30011307e+00  3.30232770e+00  3.31747151e+00
  3.32260941e+00  3.32556053e+00  3.33430471e+00  3.33544848e+00
  3.33945606e+00  3.34655789e+00  3.34775643e+00  3.35279384e+00
  3.36056447e+00  3.36824383e+00  3.37366898e+00  3.37936505e+00
  3.38081827e+00  3.38398717e+00  3.39014321e+00  3.39093722e+00
  3.40120743e+00  3.41214763e+00  3.41733409e+00  3.41786106e+00
  3.42544020e+00  3.42755612e+00  3.42892845e+00  3.43287710e+00
  3.43425092e+00  3.43871961e+00  3.44145013e+00  3.44555297e+00
  3.45325062e+00  3.45928351e+00  3.46888509e+00  3.47236689e+00
  3.47489945e+00  3.47989064e+00  3.48286209e+00  3.48617715e+00
  3.49010201e+00  3.49708576e+00  3.49881929e+00  3.50353246e+00
  3.50593604e+00  3.50913274e+00  3.51402259e+00  3.51594813e+00
  3.52143263e+00  3.52754678e+00  3.53220591e+00  3.53609490e+00
  3.53760356e+00  3.53842058e+00  3.54862006e+00  3.55000571e+00
  3.55243872e+00  3.56090328e+00  3.56129510e+00  3.56850956e+00
  3.57972135e+00  3.58470423e+00  3.59028690e+00  3.59290937e+00
  3.59841184e+00  3.60201340e+00  3.60414584e+00  3.60550348e+00
  3.61383417e+00  3.61695307e+00  3.62367891e+00  3.63335922e+00
  3.63406725e+00  3.63955681e+00  3.64920836e+00  3.65592020e+00
  3.66054727e+00  3.66279805e+00  3.66678881e+00  3.67228660e+00
  3.67845638e+00  3.68358143e+00  3.69507137e+00  3.70384405e+00
  3.70758096e+00  3.72620559e+00  3.74021336e+00  3.74976267e+00
  3.75641256e+00  3.76151994e+00  3.76276855e+00  3.77142229e+00
  3.77450176e+00  3.78980897e+00  3.79515105e+00  3.80642186e+00
  3.81593118e+00  3.82848847e+00  3.83092214e+00  3.83184262e+00
  3.84637883e+00  3.84996484e+00  3.85391454e+00  3.86226015e+00
  3.86601743e+00  3.88040761e+00  3.89296020e+00  3.90364292e+00
  3.91070930e+00  3.91383176e+00  3.92981430e+00  3.96269803e+00
  3.97559214e+00  3.98743756e+00  3.99812066e+00  4.00315751e+00
  4.01204306e+00  4.01417102e+00  4.02065932e+00  4.04422086e+00
  4.04986047e+00  4.06240909e+00  4.08467156e+00  4.08652867e+00
  4.09314552e+00  4.09769998e+00  4.10071486e+00  4.10846652e+00
  4.11523104e+00  4.12291230e+00  4.12326650e+00  4.12604452e+00
  4.13032513e+00  4.13729537e+00  4.15646732e+00  4.15963752e+00
  4.16476839e+00  4.17142881e+00  4.18076355e+00  4.18493672e+00
  4.19085396e+00  4.20126076e+00  4.21441905e+00  4.22015129e+00
  4.22224985e+00  4.23223387e+00  4.24978496e+00  4.25817093e+00
  4.26200768e+00  4.26510574e+00  4.27307122e+00  4.27496234e+00
  4.28043285e+00  4.28389852e+00  4.28818694e+00  4.28962508e+00
  4.29895428e+00  4.30579981e+00  4.32192258e+00  4.32750707e+00
  4.33215292e+00  4.33497680e+00  4.34256564e+00  4.35442238e+00
  4.36841836e+00  4.37813912e+00  4.38384991e+00  4.38980637e+00
  4.39005667e+00  4.39629852e+00  4.39788799e+00  4.40358545e+00
  4.41181164e+00  4.41951380e+00  4.43331961e+00  4.44320099e+00
  4.44963507e+00  4.47026085e+00  4.47588814e+00  4.47812178e+00
  4.50529893e+00  4.51137169e+00  4.53923104e+00  4.55042893e+00
  4.57989499e+00  4.59148095e+00  4.60514927e+00  4.60586872e+00
  4.64928271e+00  4.65688036e+00  4.66228658e+00  4.68185477e+00
  4.68337296e+00  4.70202003e+00  4.70292991e+00  4.73084330e+00
  4.74522720e+00  4.75699973e+00  4.77880486e+00  4.78636179e+00
  4.81435251e+00  4.82023776e+00  4.82312900e+00  4.84576562e+00
  4.85430259e+00  4.85603462e+00  4.87530653e+00  4.89351737e+00
  4.90059176e+00  4.91748088e+00  4.92815668e+00  4.93829395e+00
  4.94089033e+00  4.95958408e+00  4.96256609e+00  4.97927098e+00
  4.98364911e+00  4.98432543e+00  4.99421507e+00  5.00627833e+00
  5.01547023e+00  5.02334079e+00  5.02467944e+00  5.05904809e+00
  5.07181915e+00  5.08227034e+00  5.11708440e+00  5.12622084e+00
  5.15170060e+00  5.15298408e+00  5.16293569e+00  5.18843830e+00
  5.19596718e+00  5.21429655e+00  5.22228219e+00  5.23010930e+00
  5.27337436e+00  5.28850838e+00  5.30434398e+00  5.31338596e+00
  5.32416258e+00  5.33714043e+00  5.34445733e+00  5.35719354e+00
  5.36386407e+00  5.36835327e+00  5.39209007e+00  5.40728562e+00
  5.41342388e+00  5.41716127e+00  5.43774764e+00  5.49037684e+00
  5.51622252e+00  5.54052242e+00  5.56579229e+00  5.60091503e+00
  5.62995192e+00  5.65279960e+00  5.65621929e+00  5.66410025e+00
  5.67922510e+00  5.70113719e+00  5.70994481e+00  5.71910898e+00
  5.73575809e+00  5.75064047e+00  5.80427733e+00  5.86020635e+00
  5.88308128e+00  5.91793331e+00  5.92779570e+00  6.03269336e+00
  6.08234650e+00  6.12968046e+00  6.13150610e+00  6.17181089e+00
  6.24369355e+00  8.98190790e+00  9.54971165e+00  9.58779694e+00
  2.03555067e+01  2.22116600e+01  2.22515094e+01  2.23629672e+01
  2.24616340e+01  2.25988674e+01  2.26104071e+01  2.26160879e+01
  2.26171515e+01  2.26697184e+01  2.27007915e+01  2.27524988e+01
  2.27655701e+01  2.27777551e+01  2.27903696e+01  2.27926628e+01
  2.27992849e+01  2.28079703e+01  2.28355956e+01  2.28536077e+01
  2.28903272e+01  2.30081979e+01  2.30380620e+01  2.31808231e+01
  2.31944897e+01  2.32362202e+01  2.33708435e+01  3.24165474e+01
  3.24961510e+01  3.32640143e+01]
nelec by numeric integration = 212.00017659238776
    CPU time for vxc    138.85 sec, wall time      7.73 sec
    CPU time for df vj and vk    463.92 sec, wall time     30.35 sec
    CPU time for df vj and vk    366.56 sec, wall time     19.34 sec
E1 = -7291.05737266719  Ecoul = 3323.077832910015  Exc = -194.3215513294699
Extra cycle  E= -1564.74153756698  delta_E= 1.46e-11  |g|= 1.04e-05  |ddm|= 1.69e-05
    CPU time for scf_cycle   3639.11 sec, wall time    247.13 sec
    CPU time for SCF   3639.11 sec, wall time    247.13 sec
converged SCF energy = -1564.74153756698
SCF Done after 247.15 seconds
after SCF memory used: 20.68 GB
Converting <class 'pyscf.df.df_jk.density_fit.<locals>.DFHF'> to RHF
Converting <class 'pyscf.df.df_jk.density_fit.<locals>.DFHF'> to RHF
hdiag shape (100064,)
n_occ =  106
n_vir =  944
max_vir =  268
A_size =  100064
A_reduced_size = 28408
a_x = 0.56
beta = 8.0
alpha = 4.58
Q-Gamma tensors building time = 0.76
after Q matrix memory used: 20.89 GB
TDDFT
|-------- In-house Developed TDDFT Starts ---------|
Residual conv = 1e-05

Number of excited states = 5
Initial guess:   sTDDFT
Preconditioner:  sTDDFT
A matrix size =  100064
setting initial guess
sTDDFT Convergence tol = 1.00e-03
sTDDFT diagonalization Converged
after  11 iterations; 18.5200 seconds
final subspace 83
max_norm =  9.07e-04
MVcost     6.8866s 37.18%
GScost     8.5879s 46.37%
subgencost 2.2205s 11.99%
subcost    0.1375s 0.74%
sTDDFT excitation energy:
[3.40479696 4.15996019 4.35553311 4.36663849 4.66799697 4.69656043
 4.83932301 4.8640971  4.90563639 5.05805712]
new_m = 10
initial guess done

iteration 0
beginning of step 0 memory used: 21.49 GB
    CPU time for df vj and vk   4689.95 sec, wall time    278.97 sec
    CPU time for df vj and vk   3613.28 sec, wall time    192.71 sec
subspace size: 10
Maximum residual norm:  1.83e-01
unconverged states [0, 1, 2, 3, 4]
sTDDFT_preconditioner conv 0.01
sTDDFT preconditioning Done
after 18 steps; 8.7663 s
final subspace 52
max_norm =  9.09e-03
initial_cost 0.1184s  1.35%
MVcost     3.7036s  42.25%
GScost     2.2317s  25.46%
subgencost 2.1343s  24.35%
subcost    0.0499s  0.57%
m & new_m 10 15

iteration 1
beginning of step 1 memory used: 21.52 GB
    CPU time for df vj and vk   2330.42 sec, wall time    140.39 sec
    CPU time for df vj and vk   1814.26 sec, wall time     96.79 sec
subspace size: 15
Maximum residual norm:  7.40e-02
unconverged states [0, 1, 2, 3, 4]
sTDDFT_preconditioner conv 0.01
sTDDFT preconditioning Done
after 11 steps; 6.8408 s
final subspace 48
max_norm =  9.97e-03
initial_cost 0.1045s  1.53%
MVcost     3.5505s  51.90%
GScost     1.8489s  27.03%
subgencost 1.0287s  15.04%
subcost    0.0196s  0.29%
m & new_m 15 20

iteration 2
beginning of step 2 memory used: 21.56 GB
    CPU time for df vj and vk   2314.84 sec, wall time    139.79 sec
    CPU time for df vj and vk   1788.55 sec, wall time     94.78 sec
subspace size: 20
Maximum residual norm:  4.00e-02
unconverged states [0, 1, 2, 3, 4]
sTDDFT_preconditioner conv 0.01
sTDDFT preconditioning Done
after 10 steps; 5.9055 s
final subspace 43
max_norm =  9.70e-03
initial_cost 0.0887s  1.50%
MVcost     3.1950s  54.10%
GScost     1.5161s  25.67%
subgencost 0.8500s  14.39%
subcost    0.0155s  0.26%
m & new_m 20 25

iteration 3
beginning of step 3 memory used: 21.53 GB
    CPU time for df vj and vk   2358.53 sec, wall time    140.74 sec
    CPU time for df vj and vk   1806.15 sec, wall time     96.75 sec
subspace size: 25
Maximum residual norm:  1.61e-02
unconverged states [0, 1, 2, 3, 4]
sTDDFT_preconditioner conv 0.01
sTDDFT preconditioning Done
after 10 steps; 5.7117 s
final subspace 41
max_norm =  7.06e-03
initial_cost 0.1074s  1.88%
MVcost     3.2225s  56.42%
GScost     1.3420s  23.50%
subgencost 0.7943s  13.91%
subcost    0.0143s  0.25%
m & new_m 25 30

iteration 4
beginning of step 4 memory used: 21.50 GB
    CPU time for df vj and vk   2341.90 sec, wall time    140.32 sec
    CPU time for df vj and vk   1814.62 sec, wall time     95.76 sec
subspace size: 30
Maximum residual norm:  5.90e-03
unconverged states [0, 1, 2, 3, 4]
sTDDFT_preconditioner conv 0.01
sTDDFT preconditioning Done
after 11 steps; 6.1206 s
final subspace 44
max_norm =  7.11e-03
initial_cost 0.1032s  1.69%
MVcost     3.2069s  52.40%
GScost     1.5468s  25.27%
subgencost 0.9746s  15.92%
subcost    0.0188s  0.31%
m & new_m 30 35

iteration 5
beginning of step 5 memory used: 21.51 GB
    CPU time for df vj and vk   2328.42 sec, wall time    139.62 sec
    CPU time for df vj and vk   1805.01 sec, wall time     95.28 sec
subspace size: 35
Maximum residual norm:  1.97e-03
unconverged states [0, 1, 2, 3, 4]
sTDDFT_preconditioner conv 0.01
sTDDFT preconditioning Done
after 11 steps; 6.7000 s
final subspace 47
max_norm =  5.71e-03
initial_cost 0.1241s  1.85%
MVcost     3.4693s  51.78%
GScost     1.8003s  26.87%
subgencost 1.0081s  15.05%
subcost    0.0203s  0.30%
m & new_m 35 40

iteration 6
beginning of step 6 memory used: 21.53 GB
    CPU time for df vj and vk   2340.38 sec, wall time    139.88 sec
    CPU time for df vj and vk   1793.44 sec, wall time     96.47 sec
subspace size: 40
Maximum residual norm:  2.64e-03
unconverged states [0, 1, 2, 3, 4]
sTDDFT_preconditioner conv 0.01
sTDDFT preconditioning Done
after 10 steps; 6.6474 s
final subspace 47
max_norm =  9.52e-03
initial_cost 0.1062s  1.60%
MVcost     3.5637s  53.61%
GScost     1.8257s  27.47%
subgencost 0.8868s  13.34%
subcost    0.0168s  0.25%
m & new_m 40 45

iteration 7
beginning of step 7 memory used: 21.57 GB
    CPU time for df vj and vk   2352.81 sec, wall time    142.31 sec
    CPU time for df vj and vk   1818.01 sec, wall time     96.14 sec
subspace size: 45
Maximum residual norm:  4.51e-03
unconverged states [0, 1, 2, 3, 4]
sTDDFT_preconditioner conv 0.01
sTDDFT preconditioning Done
after 10 steps; 6.3693 s
final subspace 45
max_norm =  9.99e-03
initial_cost 0.1032s  1.62%
MVcost     3.4470s  54.12%
GScost     1.6918s  26.56%
subgencost 0.8631s  13.55%
subcost    0.0163s  0.26%
m & new_m 45 50

iteration 8
beginning of step 8 memory used: 21.55 GB
    CPU time for df vj and vk   2348.03 sec, wall time    140.21 sec
    CPU time for df vj and vk   1814.77 sec, wall time     96.24 sec
subspace size: 50
Maximum residual norm:  1.65e-03
unconverged states [0, 2, 3, 4]
sTDDFT_preconditioner conv 0.01
sTDDFT preconditioning Done
after 14 steps; 5.5041 s
final subspace 39
max_norm =  8.66e-03
initial_cost 0.0604s  1.10%
MVcost     3.0056s  54.61%
GScost     1.0949s  19.89%
subgencost 1.0254s  18.63%
subcost    0.0198s  0.36%
m & new_m 50 54

iteration 9
beginning of step 9 memory used: 21.51 GB
    CPU time for df vj and vk   1869.75 sec, wall time    113.06 sec
    CPU time for df vj and vk   1434.50 sec, wall time     76.19 sec
subspace size: 54
Maximum residual norm:  6.14e-04
unconverged states [2, 3, 4]
sTDDFT_preconditioner conv 0.01
sTDDFT preconditioning Done
after 11 steps; 3.3154 s
final subspace 27
max_norm =  9.24e-03
initial_cost 0.0420s  1.27%
MVcost     2.1131s  63.73%
GScost     0.4920s  14.84%
subgencost 0.4856s  14.65%
subcost    0.0103s  0.31%
m & new_m 54 57

iteration 10
beginning of step 10 memory used: 21.48 GB
    CPU time for df vj and vk   1398.65 sec, wall time     84.76 sec
    CPU time for df vj and vk   1079.67 sec, wall time     56.85 sec
subspace size: 57
Maximum residual norm:  2.15e-04
unconverged states [4]
sTDDFT_preconditioner conv 0.01
sTDDFT preconditioning Done
after 13 steps; 1.8277 s
final subspace 13
max_norm =  9.81e-03
initial_cost 0.0159s  0.87%
MVcost     0.7721s  42.24%
GScost     0.1141s  6.24%
subgencost 0.1973s  10.79%
subcost    0.6318s  34.57%
m & new_m 57 58

iteration 11
beginning of step 11 memory used: 21.51 GB
    CPU time for df vj and vk    468.69 sec, wall time     30.24 sec
    CPU time for df vj and vk    363.17 sec, wall time     19.16 sec
subspace size: 58
Maximum residual norm:  8.36e-05
unconverged states [4]
sTDDFT_preconditioner conv 0.01
sTDDFT preconditioning Done
after 16 steps; 1.5011 s
final subspace 16
max_norm =  5.13e-03
initial_cost 0.0095s  0.64%
MVcost     0.9017s  60.07%
GScost     0.1768s  11.78%
subgencost 0.3008s  20.04%
subcost    0.0108s  0.72%
m & new_m 58 59

iteration 12
beginning of step 12 memory used: 21.53 GB
    CPU time for df vj and vk    461.62 sec, wall time     30.37 sec
    CPU time for df vj and vk    361.63 sec, wall time     19.24 sec
subspace size: 59
Maximum residual norm:  2.61e-05
unconverged states [4]
sTDDFT_preconditioner conv 0.01
sTDDFT preconditioning Done
after 13 steps; 1.1650 s
final subspace 13
max_norm =  7.73e-03
initial_cost 0.0128s  1.10%
MVcost     0.7466s  64.09%
GScost     0.1177s  10.10%
subgencost 0.1992s  17.10%
subcost    0.0084s  0.72%
m & new_m 59 60

iteration 13
beginning of step 13 memory used: 21.50 GB
    CPU time for df vj and vk    463.93 sec, wall time     30.20 sec
    CPU time for df vj and vk    363.69 sec, wall time     19.23 sec
subspace size: 60
Maximum residual norm:  7.24e-06
TDDFT precedure Done

============= TDDFT Calculation Done ==============
after 14 iterations 3409.77 s
Final subspace  60
preconditioning cost 66.6768 0.02 %
max_norm =  7.24e-06
Total TDDFT memory used: 21.48 GB
Excited State energies (eV) =
 [3.56818945 4.25596377 4.48393863 4.56727129 4.83245038]

Number of excited states = 5
Initial guess:   Adiag
Preconditioner:  Adiag
A matrix size =  100064
new_m = 10
initial guess done

iteration 0
beginning of step 0 memory used: 21.48 GB
    CPU time for df vj and vk   4689.87 sec, wall time    278.61 sec
    CPU time for df vj and vk   3636.82 sec, wall time    191.89 sec
subspace size: 10
Maximum residual norm:  1.62e-01
unconverged states [0, 1, 2, 3, 4]
m & new_m 10 15

iteration 1
beginning of step 1 memory used: 21.50 GB
    CPU time for df vj and vk   2342.68 sec, wall time    141.08 sec
    CPU time for df vj and vk   1808.06 sec, wall time     96.20 sec
subspace size: 15
Maximum residual norm:  6.88e-02
unconverged states [0, 1, 2, 3, 4]
m & new_m 15 20

iteration 2
beginning of step 2 memory used: 21.50 GB
    CPU time for df vj and vk   2314.55 sec, wall time    139.46 sec
    CPU time for df vj and vk   1812.80 sec, wall time     96.95 sec
subspace size: 20
Maximum residual norm:  4.59e-02
unconverged states [0, 1, 2, 3, 4]
m & new_m 20 25

iteration 3
beginning of step 3 memory used: 21.52 GB
    CPU time for df vj and vk   2315.76 sec, wall time    139.47 sec
    CPU time for df vj and vk   1794.06 sec, wall time     94.78 sec
subspace size: 25
Maximum residual norm:  3.74e-02
unconverged states [0, 1, 2, 3, 4]
m & new_m 25 30

iteration 4
beginning of step 4 memory used: 21.53 GB
    CPU time for df vj and vk   2337.10 sec, wall time    140.51 sec
    CPU time for df vj and vk   1807.51 sec, wall time     95.71 sec
subspace size: 30
Maximum residual norm:  1.87e-02
unconverged states [0, 1, 2, 3, 4]
m & new_m 30 35

iteration 5
beginning of step 5 memory used: 21.55 GB
    CPU time for df vj and vk   2332.32 sec, wall time    140.43 sec
    CPU time for df vj and vk   1816.11 sec, wall time     95.70 sec
subspace size: 35
Maximum residual norm:  1.09e-02
unconverged states [0, 1, 2, 3, 4]
m & new_m 35 40

iteration 6
beginning of step 6 memory used: 21.55 GB
    CPU time for df vj and vk   2352.83 sec, wall time    141.48 sec
    CPU time for df vj and vk   1812.71 sec, wall time     96.32 sec
subspace size: 40
Maximum residual norm:  6.04e-03
unconverged states [0, 1, 2, 3, 4]
m & new_m 40 45

iteration 7
beginning of step 7 memory used: 21.52 GB
    CPU time for df vj and vk   2351.17 sec, wall time    142.10 sec
    CPU time for df vj and vk   1828.86 sec, wall time     97.66 sec
subspace size: 45
Maximum residual norm:  2.80e-03
unconverged states [0, 1, 2, 3, 4]
m & new_m 45 50

iteration 8
beginning of step 8 memory used: 21.50 GB
    CPU time for df vj and vk   2380.26 sec, wall time    142.84 sec
    CPU time for df vj and vk   1861.28 sec, wall time     98.31 sec
subspace size: 50
Maximum residual norm:  1.78e-03
unconverged states [0, 1, 2, 3, 4]
m & new_m 50 55

iteration 9
beginning of step 9 memory used: 21.50 GB
    CPU time for df vj and vk   2330.90 sec, wall time    139.53 sec
    CPU time for df vj and vk   1800.81 sec, wall time     96.65 sec
subspace size: 55
Maximum residual norm:  1.10e-03
unconverged states [0, 1, 2, 3, 4]
m & new_m 55 60

iteration 10
beginning of step 10 memory used: 21.50 GB
    CPU time for df vj and vk   2331.73 sec, wall time    139.27 sec
    CPU time for df vj and vk   1781.84 sec, wall time     94.73 sec
subspace size: 60
Maximum residual norm:  8.64e-04
unconverged states [0, 1, 2, 3, 4]
m & new_m 60 65

iteration 11
beginning of step 11 memory used: 21.50 GB
    CPU time for df vj and vk   2315.64 sec, wall time    138.91 sec
    CPU time for df vj and vk   1797.57 sec, wall time     95.48 sec
subspace size: 65
Maximum residual norm:  8.30e-04
unconverged states [0, 1, 2, 3, 4]
m & new_m 65 70

iteration 12
beginning of step 12 memory used: 21.50 GB
    CPU time for df vj and vk   2310.15 sec, wall time    139.19 sec
    CPU time for df vj and vk   1810.77 sec, wall time     96.58 sec
subspace size: 70
Maximum residual norm:  6.98e-04
unconverged states [0, 1, 2, 3, 4]
m & new_m 70 75

iteration 13
beginning of step 13 memory used: 21.50 GB
    CPU time for df vj and vk   2332.99 sec, wall time    140.09 sec
    CPU time for df vj and vk   1785.37 sec, wall time     94.78 sec
subspace size: 75
Maximum residual norm:  4.91e-04
unconverged states [1, 2, 3, 4]
m & new_m 75 79

iteration 14
beginning of step 14 memory used: 21.50 GB
    CPU time for df vj and vk   1873.39 sec, wall time    113.12 sec
    CPU time for df vj and vk   1425.73 sec, wall time     75.77 sec
subspace size: 79
Maximum residual norm:  2.67e-04
unconverged states [1, 2, 3, 4]
m & new_m 79 83

iteration 15
beginning of step 15 memory used: 21.48 GB
    CPU time for df vj and vk   1856.65 sec, wall time    111.62 sec
    CPU time for df vj and vk   1451.14 sec, wall time     76.73 sec
subspace size: 83
Maximum residual norm:  1.57e-04
unconverged states [2, 4]
m & new_m 83 85

iteration 16
beginning of step 16 memory used: 21.48 GB
    CPU time for df vj and vk    937.03 sec, wall time     58.71 sec
    CPU time for df vj and vk    723.55 sec, wall time     38.38 sec
subspace size: 85
Maximum residual norm:  8.27e-05
unconverged states [2, 4]
m & new_m 85 87

iteration 17
beginning of step 17 memory used: 21.47 GB
    CPU time for df vj and vk    924.82 sec, wall time     57.23 sec
    CPU time for df vj and vk    718.54 sec, wall time     38.55 sec
subspace size: 87
Maximum residual norm:  3.84e-05
unconverged states [2, 4]
m & new_m 87 89

iteration 18
beginning of step 18 memory used: 21.47 GB
    CPU time for df vj and vk    930.26 sec, wall time     57.55 sec
    CPU time for df vj and vk    717.11 sec, wall time     38.04 sec
subspace size: 89
Maximum residual norm:  2.67e-05
unconverged states [4]
m & new_m 89 90

iteration 19
beginning of step 19 memory used: 21.47 GB
    CPU time for df vj and vk    465.51 sec, wall time     30.29 sec
    CPU time for df vj and vk    360.20 sec, wall time     19.07 sec
subspace size: 90
Maximum residual norm:  2.42e-05
unconverged states [4]
m & new_m 90 91

iteration 20
beginning of step 20 memory used: 21.53 GB
    CPU time for df vj and vk    463.83 sec, wall time     30.46 sec
    CPU time for df vj and vk    359.38 sec, wall time     19.12 sec
subspace size: 91
Maximum residual norm:  4.32e-05
unconverged states [4]
m & new_m 91 92

iteration 21
beginning of step 21 memory used: 21.53 GB
    CPU time for df vj and vk    465.86 sec, wall time     30.28 sec
    CPU time for df vj and vk    361.32 sec, wall time     19.20 sec
subspace size: 92
Maximum residual norm:  9.48e-05
unconverged states [4]
m & new_m 92 93

iteration 22
beginning of step 22 memory used: 21.53 GB
    CPU time for df vj and vk    464.53 sec, wall time     29.92 sec
    CPU time for df vj and vk    360.38 sec, wall time     19.43 sec
subspace size: 93
Maximum residual norm:  2.02e-04
unconverged states [4]
m & new_m 93 94

iteration 23
beginning of step 23 memory used: 21.53 GB
    CPU time for df vj and vk    456.95 sec, wall time     29.60 sec
    CPU time for df vj and vk    359.58 sec, wall time     19.14 sec
subspace size: 94
Maximum residual norm:  1.76e-04
unconverged states [4]
m & new_m 94 95

iteration 24
beginning of step 24 memory used: 21.53 GB
    CPU time for df vj and vk    459.63 sec, wall time     29.77 sec
    CPU time for df vj and vk    359.69 sec, wall time     19.00 sec
subspace size: 95
Maximum residual norm:  1.26e-04
unconverged states [4]
m & new_m 95 96

iteration 25
beginning of step 25 memory used: 21.53 GB
    CPU time for df vj and vk    458.43 sec, wall time     29.80 sec
    CPU time for df vj and vk    357.96 sec, wall time     18.91 sec
subspace size: 96
Maximum residual norm:  5.54e-05
unconverged states [4]
m & new_m 96 97

iteration 26
beginning of step 26 memory used: 21.53 GB
    CPU time for df vj and vk    458.54 sec, wall time     29.75 sec
    CPU time for df vj and vk    361.26 sec, wall time     19.16 sec
subspace size: 97
Maximum residual norm:  4.12e-05
unconverged states [4]
m & new_m 97 98

iteration 27
beginning of step 27 memory used: 21.47 GB
    CPU time for df vj and vk    460.78 sec, wall time     29.84 sec
    CPU time for df vj and vk    359.79 sec, wall time     19.08 sec
subspace size: 98
Maximum residual norm:  3.03e-05
unconverged states [4]
m & new_m 98 99

iteration 28
beginning of step 28 memory used: 21.52 GB
    CPU time for df vj and vk    463.74 sec, wall time     30.58 sec
    CPU time for df vj and vk    358.64 sec, wall time     19.12 sec
subspace size: 99
Maximum residual norm:  1.81e-05
unconverged states [4]
m & new_m 99 100

iteration 29
beginning of step 29 memory used: 21.53 GB
    CPU time for df vj and vk    463.62 sec, wall time     29.92 sec
    CPU time for df vj and vk    358.90 sec, wall time     19.02 sec
subspace size: 100
Maximum residual norm:  1.02e-05
unconverged states [4]
m & new_m 100 101

iteration 30
beginning of step 30 memory used: 21.53 GB
    CPU time for df vj and vk    459.20 sec, wall time     29.71 sec
    CPU time for df vj and vk    361.03 sec, wall time     19.18 sec
subspace size: 101
Maximum residual norm:  6.76e-06
TDDFT precedure Done

============= TDDFT Calculation Done ==============
after 31 iterations 5717.25 s
Final subspace  101
preconditioning cost 0.3834 0.00 %
max_norm =  6.76e-06
Total TDDFT memory used: 21.53 GB
Excited State energies (eV) =
 [3.56818945 4.25596377 4.48393863 4.56727129 4.83245038]
xyzfile = 49_Triphenylamino_5.xyz
checkfile = True
method = RKS
functional = wb97x
basis_set = def2-tzvp
density_fit = True
grid_level = 3
nstates = 5
pytd = False
TDA = False
TDDFT = True
dynpol = False
dynpol_omega = []
stapol = False
sTDA = False
sTDDFT = False
Truncate_test = False
truncate_virtual = 40.0
ip_options = [0, 1]
conv_tolerance = 1e-05
initial_TOL = 0.001
precond_TOL = 0.01
extrainitial = 8
max = 35
eigensolver_tol = 1e-05
memory = 50000
verbose = 5
beta = []
alpha = []
|-------- In-house Developed TDDFT Ends ----------|
