curpath /scratch/pbsjobs/job.16219439.hpc
lib.num_threads() =  20
at beginning memory used: 0.05 GB
mol.max_memory 50000


System: uname_result(system='Linux', node='compt293', release='3.10.0-1127.el7.x86_64', version='#1 SMP Tue Feb 18 16:39:12 EST 2020', machine='x86_64', processor='x86_64')  Threads 20
Python 3.7.0 (default, Aug 23 2018, 14:24:33) 
[GCC 6.3.0]
numpy 1.18.1  scipy 1.4.1
Date: Mon Aug 30 14:39:01 2021
PySCF version 1.7.4
PySCF path  /home/zzz6/.local/lib/python3.7/site-packages/pyscf

[CONFIG] conf_file None
[INPUT] verbose = 5
[INPUT] max_memory = 50000 
[INPUT] num. atoms = 49
[INPUT] num. electrons = 212
[INPUT] charge = 0
[INPUT] spin (= nelec alpha-beta = 2S) = 0
[INPUT] symmetry False subgroup None
[INPUT] Mole.unit = angstrom
[INPUT]  1 N     -3.450864633004   0.055285985657  -0.008172502421 AA   -6.521189049325   0.104475371419  -0.015443791327 Bohr
[INPUT]  2 C     -4.312710911491  -1.074271985221   0.083467416329 AA   -8.149842477142  -2.030079835361   0.157730557186 Bohr
[INPUT]  3 C     -5.496224910397  -1.125384805020  -0.681088903349 AA  -10.386359799663  -2.126669066236  -1.287071493810 Bohr
[INPUT]  4 C     -3.998410379823  -2.145203102362   0.945135836673 AA   -7.555900551484  -4.053846345032   1.786047881824 Bohr
[INPUT]  5 C     -6.350456242627  -2.229056480219  -0.577886809308 AA  -12.000623064600  -4.212306263801  -1.092047800591 Bohr
[INPUT]  6 H     -5.738116555134  -0.294818975822  -1.350849791611 AA  -10.843468760036  -0.557127120629  -2.552736141571 Bohr
[INPUT]  7 C     -4.850627928716  -3.252334013126   1.026932547631 AA   -9.166358317439  -6.146020550416   1.940621263424 Bohr
[INPUT]  8 H     -3.085848632703  -2.100387210437   1.547030340390 AA   -5.831408777673  -3.969156583264   2.923463649730 Bohr
[INPUT]  9 C     -6.032019991942  -3.300425825770   0.270836626365 AA  -11.398865762672  -6.236900905147   0.511807048332 Bohr
[INPUT] 10 H     -7.266580446838  -2.257143166630  -1.177419248010 AA  -13.731846906643  -4.265382408863  -2.224999912529 Bohr
[INPUT] 11 H     -4.595976508396  -4.077343145085   1.700744389725 AA   -8.685136875803  -7.705061860083   3.213941104470 Bohr
[INPUT] 12 H     -6.699540463916  -4.164847334528   0.343633353654 AA  -12.660296637243  -7.870420812883   0.649372925671 Bohr
[INPUT] 13 C     -4.020033305612   1.359654707788  -0.051203220066 AA   -7.596761959236   2.569375021695  -0.096760062620 Bohr
[INPUT] 14 C     -3.513020058457   2.332189179355  -0.937399564309 AA   -6.638645780587   4.407198819655  -1.771428445830 Bohr
[INPUT] 15 C     -5.106086622953   1.685876419748   0.786640799366 AA   -9.649105285686   3.185844713186   1.486535669210 Bohr
[INPUT] 16 C     -4.078359361060   3.611986680527  -0.971619513367 AA   -7.706982229960   6.825665591772  -1.836094777547 Bohr
[INPUT] 17 H     -2.677484544128   2.075886983853  -1.595602647982 AA   -5.059712491157   3.922857865031  -3.015252008316 Bohr
[INPUT] 18 C     -5.675542555184   2.963028746110   0.731202957790 AA  -10.725221037613   5.599312829361   1.381773331696 Bohr
[INPUT] 19 H     -5.497506260469   0.931292359495   1.475331364771 AA  -10.388781200368   1.759887501345   2.787972222398 Bohr
[INPUT] 20 C     -5.163746993108   3.934740975748  -0.142471156335 AA   -9.758067593521   7.435582815267  -0.269231466124 Bohr
[INPUT] 21 H     -3.676224738232   4.358260815510  -1.665061313298 AA   -6.947057927609   8.235919320737  -3.146509862743 Bohr
[INPUT] 22 H     -6.518584954550   3.204157931037   1.387445234590 AA  -12.318340283810   6.054980949513   2.621891506208 Bohr
[INPUT] 23 H     -5.607823291016   4.934570473266  -0.177993253901 AA  -10.597250174976   9.324986736838  -0.336358501894 Bohr
[INPUT] 24 C     -2.051205069055  -0.116296978027  -0.052478066170 AA   -3.876215805833  -0.219769437585  -0.099169172608 Bohr
[INPUT] 25 C     -1.185554488912   0.829917370568   0.541991653563 AA   -2.240373289793   1.568316536393   1.024215787034 Bohr
[INPUT] 26 C     -1.479487609220  -1.238947305863  -0.695702189776 AA   -2.795826386114  -2.341271090848  -1.314686602937 Bohr
[INPUT] 27 C      0.195470355919   0.655945395468   0.489818723388 AA    0.369385438158   1.239557150103   0.925623237887 Bohr
[INPUT] 28 H     -1.607562005445   1.699098340864   1.053991363783 AA   -3.037851918548   3.210830522937   1.991755015206 Bohr
[INPUT] 29 C     -0.097927902328  -1.408457050055  -0.735716342206 AA   -0.185056915354  -2.661598082817  -1.390302392136 Bohr
[INPUT] 30 H     -2.132571645057  -1.972493532725  -1.176562720831 AA   -4.029976350172  -3.727472559325  -2.223381310743 Bohr
[INPUT] 31 C      0.779704115190  -0.466704605877  -0.144100420229 AA    1.473427235905  -0.881943886182  -0.272310328667 Bohr
[INPUT] 32 H      0.841667220145   1.395264725189   0.976271090710 AA    1.590520534098   2.636668201874   1.844884984772 Bohr
[INPUT] 33 H      0.310975269845  -2.274428811019  -1.264861777226 AA    0.587658091519  -4.298047542646  -2.390242344387 Bohr
[INPUT] 34 C      2.226302399054  -0.656862195528  -0.189361116537 AA    4.207101804674  -1.241289651129  -0.357840648896 Bohr
[INPUT] 35 C      2.962845104195  -1.791000762255  -0.530825739702 AA    5.598965796437  -3.384500929549  -1.003115267907 Bohr
[INPUT] 36 S      3.350286761736   0.622821505973   0.212320343377 AA    6.331124418438   1.176962070778   0.401227299657 Bohr
[INPUT] 37 H      2.514956474047  -2.748048417426  -0.811555467962 AA    4.752578951150  -5.193058885980  -1.533617569342 Bohr
[INPUT] 38 C      4.698787149831  -0.475897138178  -0.106110036575 AA    8.879420830806  -0.899315254620  -0.200518908195 Bohr
[INPUT] 39 N      4.317876760620  -1.680743844130  -0.482521714701 AA    8.159604517196  -3.176145550954  -0.911833889940 Bohr
[INPUT] 40 C      6.092239455152  -0.057129035471   0.042664612281 AA   11.512664055508  -0.107958230801   0.080624432422 Bohr
[INPUT] 41 C      7.133331502903  -0.968578741880  -0.237312334947 AA   13.480042896219  -1.830348552230  -0.448455319031 Bohr
[INPUT] 42 C      6.460448764114   1.239000716428   0.459480217238 AA   12.208478805961   2.341372022189   0.868291770236 Bohr
[INPUT] 43 C      8.457321932578  -0.544510259264  -0.088954909941 AA   15.982022199850  -1.028975262025  -0.168100417223 Bohr
[INPUT] 44 H      6.886425336133  -1.982739972906  -0.562899854903 AA   13.013457862557  -3.746835525019  -1.063726561323 Bohr
[INPUT] 45 C      7.819253042868   1.554237782815   0.573132715551 AA   14.776246749693   2.937083741972   1.083063865419 Bohr
[INPUT] 46 H      5.700054645639   1.992839812792   0.693222228615 AA   10.771542175312   3.765921456306   1.310000155542 Bohr
[INPUT] 47 H      9.280666870350  -1.239835773230  -0.302072055212 AA   17.537918638285  -2.342950050842  -0.570833454235 Bohr
[INPUT] 48 H      8.121627481428   2.559632716701   0.896510403615 AA   15.347651625639   4.837004814042   1.694159130655 Bohr
[INPUT] 49 N      8.813947368030   0.690842843162   0.307928451469 AA   16.655946601907   1.305503768693   0.581900439239 Bohr
[INPUT] ---------------- BASIS SET ---------------- 
[INPUT] l, kappa, [nprim/nctr], expnt,             c_1 c_2 ...
[INPUT] H
[INPUT] 0    0    [3    /1   ]  34.061341         0.0060251978
                                5.1235746         0.045021094
                                1.1646626         0.20189726
[INPUT] 0    0    [1    /1   ]  0.32723041           1
[INPUT] 0    0    [1    /1   ]  0.10307241           1
[INPUT] 1    0    [1    /1   ]  0.8                  1
[INPUT] C
[INPUT] 0    0    [6    /1   ]  13575.349682      0.00022245814352
                                2035.233368       0.0017232738252
                                463.22562359      0.0089255715314
                                131.20019598      0.035727984502
                                42.853015891      0.11076259931
                                15.584185766      0.24295627626
[INPUT] 0    0    [2    /1   ]  6.2067138508      0.41440263448
                                2.5764896527      0.23744968655
[INPUT] 0    0    [1    /1   ]  0.57696339419        1
[INPUT] 0    0    [1    /1   ]  0.22972831358        1
[INPUT] 0    0    [1    /1   ]  0.095164440028       1
[INPUT] 1    0    [4    /1   ]  34.697232244      0.0053333657805
                                7.9582622826      0.035864109092
                                2.3780826883      0.14215873329
                                0.81433208183     0.34270471845
[INPUT] 1    0    [1    /1   ]  0.28887547253        1
[INPUT] 1    0    [1    /1   ]  0.10056823671        1
[INPUT] 2    0    [1    /1   ]  1.097                1
[INPUT] 2    0    [1    /1   ]  0.318                1
[INPUT] 3    0    [1    /1   ]  0.761                1
[INPUT] S
[INPUT] 0    0    [7    /1   ]  60700.928104      0.00054695944225
                                9102.6106854      0.0042297224557
                                2071.4166009      0.021747824159
                                586.02476821      0.085100053589
                                190.55395021      0.24799128459
                                67.63038426       0.46703640406
                                25.127306905      0.3643458755
[INPUT] 0    0    [3    /1   ]  112.5746301       0.02167004024
                                34.795554217      0.09360230176
                                6.5115556215      -0.26068001422
[INPUT] 0    0    [2    /1   ]  3.2399032261      1.2842089435
                                1.5477160881      0.66036416584
[INPUT] 0    0    [1    /1   ]  0.40541030112        1
[INPUT] 0    0    [1    /1   ]  0.14550651059        1
[INPUT] 1    0    [5    /1   ]  564.36716027      0.0024796796317
                                133.42624379      0.01967793025
                                42.468271189      0.089980008258
                                15.61652758       0.25705880575
                                6.1093988469      0.43515167292
[INPUT] 1    0    [1    /1   ]  2.4404160198         1
[INPUT] 1    0    [1    /1   ]  0.83882201296        1
[INPUT] 1    0    [1    /1   ]  0.312887469          1
[INPUT] 1    0    [1    /1   ]  0.10770109004        1
[INPUT] 2    0    [2    /1   ]  3.756              0.2
                                0.812                1
[INPUT] 2    0    [1    /1   ]  0.273                1
[INPUT] 3    0    [1    /1   ]  0.557                1
[INPUT] N
[INPUT] 0    0    [6    /1   ]  19730.800647      0.00021887984991
                                2957.8958745      0.0016960708803
                                673.22133595      0.0087954603538
                                190.68249494      0.035359382605
                                62.295441898      0.11095789217
                                22.654161182      0.24982972552
[INPUT] 0    0    [2    /1   ]  8.9791477428      0.40623896148
                                3.686300237       0.24338217176
[INPUT] 0    0    [1    /1   ]  0.84660076805        1
[INPUT] 0    0    [1    /1   ]  0.33647133771        1
[INPUT] 0    0    [1    /1   ]  0.13647653675        1
[INPUT] 1    0    [4    /1   ]  49.20038051       0.0055552416751
                                11.346790537      0.038052379723
                                3.4273972411      0.14953671029
                                1.1785525134      0.3494930523
[INPUT] 1    0    [1    /1   ]  0.41642204972        1
[INPUT] 1    0    [1    /1   ]  0.14260826011        1
[INPUT] 2    0    [1    /1   ]  1.654                1
[INPUT] 2    0    [1    /1   ]  0.469                1
[INPUT] 3    0    [1    /1   ]  1.093                1

nuclear repulsion = 2597.55955351967
number of shells = 408
number of NR pGTOs = 1549
number of NR cGTOs = 1050
basis = def2-tzvp
ecp = {}
CPU time:         3.55
RKS
Density fitting turned on
Molecule built
Calculating SCF Energy...


******** <class 'pyscf.df.df_jk.density_fit.<locals>.DFHF'> ********
method = DFHF-RKS-RHF
initial guess = chkfile
damping factor = 0
level_shift factor = 0
DIIS = <class 'pyscf.scf.diis.CDIIS'>
diis_start_cycle = 1
diis_space = 8
SCF conv_tol = 1e-10
SCF conv_tol_grad = None
SCF max_cycles = 50
direct_scf = True
direct_scf_tol = 1e-13
chkfile to save SCF result = 49_Triphenylamino_5_wb97x.chk
max_memory 50000 MB (current use 56 MB)
XC functionals = wb97x
small_rho_cutoff = 1e-07
radial grids: 
    Treutler-Ahlrichs [JCP 102, 346 (1995); DOI:10.1063/1.469408] (M4) radial grids
    
becke partition: Becke, JCP 88, 2547 (1988); DOI:10.1063/1.454033
pruning grids: <function nwchem_prune at 0x7f7be3eb1e18>
grids dens level: 3
symmetrized grids: False
atomic radii adjust function: <function treutler_atomic_radii_adjust at 0x7f7be3eb1d90>
Set gradient conv threshold to 1e-05
atom N rad-grids = 75, ang-grids = [ 50  50  50  50  50  50  50  50  50  50  50  50  50  50  50  50  50  50
  50  50  50  50  50  86  86  86  86  86  86  86  86  86 266 266 266 266
 266 266 266 302 302 302 302 302 302 302 302 302 302 302 302 302 302 302
 302 302 302 302 266 266 266 266 266 266 266 266 266 266 266 266 266 266
 266 266 266]
atom C rad-grids = 75, ang-grids = [ 50  50  50  50  50  50  50  50  50  50  50  50  50  50  50  50  50  50
  50  50  50  50  50  86  86  86  86  86  86  86  86  86  86 266 266 266
 266 266 266 266 302 302 302 302 302 302 302 302 302 302 302 302 302 302
 302 302 302 302 302 302 266 266 266 266 266 266 266 266 266 266 266 266
 266 266 266]
atom H rad-grids = 50, ang-grids = [ 50  50  50  50  50  50  50  50  50  50  50  50  50  50  86  86  86  86
 266 266 266 266 302 302 302 302 302 302 302 302 302 302 302 302 302 266
 266 266 266 266 266 266 266 266 266 266 266 266 266 266]
atom S rad-grids = 80, ang-grids = [ 50  50  50  50  50  50  50  50  50  50  50  50  50  50  50  50  50  50
  50  50  50  50  50  50  86  86  86  86  86  86  86  86  86  86  86  86
  86 350 350 350 350 350 350 350 350 350 434 434 434 434 434 434 434 434
 434 434 434 434 434 434 434 434 434 434 350 350 350 350 350 350 350 350
 350 350 350 350 350 350 350 350]
tot grids = 612926
Drop grids 104703
    CPU time for setting up grids    131.95 sec, wall time      7.96 sec
nelec by numeric integration = 212.00017659241826
    CPU time for vxc    189.63 sec, wall time     10.30 sec
******** <class 'pyscf.df.df.DF'> ********
auxbasis = None
max_memory = 50000
_cderi_to_save = /tmp/job.16219439.hpc/tmpcersy1bo
Default auxbasis def2-tzvp-jkfit is used for H def2-tzvp
Default auxbasis def2-tzvp-jkfit is used for C def2-tzvp
Default auxbasis def2-tzvp-jkfit is used for S def2-tzvp
Default auxbasis def2-tzvp-jkfit is used for N def2-tzvp
num shells = 877, num cGTOs = 2651
size of aux basis 2651
int3c2e [1/1], AO [0:408], nrow = 551775
    CPU time for cholesky_eri    204.03 sec, wall time     43.58 sec
    CPU time for df vj and vk    629.35 sec, wall time     71.81 sec
Create RSH-DF object <pyscf.df.df.DF object at 0x7f7be0e3ccf8> for omega=0.3
******** <class 'pyscf.df.df.DF'> ********
auxbasis = None
max_memory = 50000
_cderi_to_save = /tmp/job.16219439.hpc/tmp0zvwa0vx
Default auxbasis def2-tzvp-jkfit is used for H def2-tzvp
Default auxbasis def2-tzvp-jkfit is used for C def2-tzvp
Default auxbasis def2-tzvp-jkfit is used for S def2-tzvp
Default auxbasis def2-tzvp-jkfit is used for N def2-tzvp
num shells = 877, num cGTOs = 2651
size of aux basis 2066
int3c2e [1/2], AO [0:357], nrow = 424581
int3c2e [2/2], AO [357:408], nrow = 127194
    CPU time for cholesky_eri    273.83 sec, wall time     22.04 sec
    CPU time for df vj and vk    603.91 sec, wall time     40.46 sec
E1 = -7291.057341255452  Ecoul = 3323.0778007954773  Exc = -194.32155062668943
init E= -1564.741537567
cond(S) = 1464567.6564261387
    CPU time for initialize scf   1565.34 sec, wall time    131.59 sec
  HOMO = -0.272688004827135  LUMO = -0.014670072050406
  mo_energy =
[-8.88855134e+01 -1.44372162e+01 -1.44088042e+01 -1.43966520e+01
 -1.03428594e+01 -1.03219372e+01 -1.03162129e+01 -1.03161679e+01
 -1.03161567e+01 -1.03050828e+01 -1.03018366e+01 -1.03002352e+01
 -1.02997910e+01 -1.02920564e+01 -1.02817539e+01 -1.02816524e+01
 -1.02812313e+01 -1.02750350e+01 -1.02747706e+01 -1.02747347e+01
 -1.02747263e+01 -1.02747054e+01 -1.02745381e+01 -1.02745215e+01
 -1.02718261e+01 -1.02718193e+01 -1.02714437e+01 -1.02714195e+01
 -1.02695287e+01 -1.02695105e+01 -8.07272653e+00 -6.03392095e+00
 -6.03008371e+00 -6.02740280e+00 -1.11097804e+00 -1.10493759e+00
 -1.07347043e+00 -1.00679889e+00 -9.96948471e-01 -9.81627970e-01
 -9.60041085e-01 -9.45237801e-01 -9.02607373e-01 -8.98794977e-01
 -8.93351623e-01 -8.86827022e-01 -8.83758664e-01 -8.81961570e-01
 -8.68210788e-01 -8.40918145e-01 -7.81418451e-01 -7.67566858e-01
 -7.58618744e-01 -7.54645045e-01 -7.37359655e-01 -7.34199229e-01
 -7.31317504e-01 -7.07425459e-01 -6.92153106e-01 -6.83099024e-01
 -6.62405305e-01 -6.58082095e-01 -6.41392914e-01 -6.18520607e-01
 -6.05098840e-01 -6.03676838e-01 -5.99111241e-01 -5.90921773e-01
 -5.83628855e-01 -5.74287214e-01 -5.70544172e-01 -5.65356582e-01
 -5.56946870e-01 -5.53369903e-01 -5.46645534e-01 -5.43118189e-01
 -5.40966960e-01 -5.39266451e-01 -5.37527446e-01 -5.35566311e-01
 -5.23064044e-01 -5.17265721e-01 -5.03292356e-01 -4.95843367e-01
 -4.93720602e-01 -4.91551407e-01 -4.82375496e-01 -4.74079550e-01
 -4.68064486e-01 -4.67152161e-01 -4.62333079e-01 -4.52853261e-01
 -4.48609506e-01 -4.37351072e-01 -4.12909087e-01 -3.92845054e-01
 -3.88619033e-01 -3.70222801e-01 -3.67677866e-01 -3.67272679e-01
 -3.64777711e-01 -3.61331264e-01 -3.54417069e-01 -3.52392880e-01
 -3.19266825e-01 -2.72688005e-01 -1.46700721e-02  3.35577507e-02
  3.79378411e-02  4.37595723e-02  5.60201445e-02  6.31738566e-02
  6.65097259e-02  7.80157638e-02  8.72770840e-02  1.09075296e-01
  1.16028028e-01  1.25547053e-01  1.31637459e-01  1.35563226e-01
  1.39169144e-01  1.45289452e-01  1.47771976e-01  1.51044842e-01
  1.56899062e-01  1.61281894e-01  1.63905803e-01  1.66103255e-01
  1.70098170e-01  1.72722808e-01  1.79270424e-01  1.83735993e-01
  1.84981678e-01  1.90184835e-01  1.97648758e-01  1.99990540e-01
  2.04230088e-01  2.11504371e-01  2.18774181e-01  2.19108954e-01
  2.21895206e-01  2.28326742e-01  2.34266794e-01  2.38065666e-01
  2.43056476e-01  2.48253666e-01  2.55793596e-01  2.58121985e-01
  2.62281438e-01  2.64585690e-01  2.68331762e-01  2.73004081e-01
  2.76549953e-01  2.77239668e-01  2.79734374e-01  2.82904683e-01
  2.84875362e-01  2.86955333e-01  2.92001083e-01  2.93093561e-01
  3.00637587e-01  3.03692051e-01  3.07408197e-01  3.10757363e-01
  3.11005972e-01  3.12967408e-01  3.14916977e-01  3.17208011e-01
  3.18862720e-01  3.20404615e-01  3.29802937e-01  3.30717455e-01
  3.31788999e-01  3.36392996e-01  3.37984260e-01  3.43725372e-01
  3.45481258e-01  3.51282194e-01  3.56964354e-01  3.57530272e-01
  3.61660905e-01  3.63775834e-01  3.72296841e-01  3.75988914e-01
  3.76889487e-01  3.79158391e-01  3.84126182e-01  3.87396363e-01
  3.87578170e-01  3.92198809e-01  3.98919067e-01  4.01215688e-01
  4.01685626e-01  4.10188714e-01  4.12041520e-01  4.19574254e-01
  4.22009310e-01  4.24079319e-01  4.28444061e-01  4.30558802e-01
  4.35643130e-01  4.43251717e-01  4.45885638e-01  4.47842483e-01
  4.50188015e-01  4.52062118e-01  4.54256962e-01  4.55666629e-01
  4.59526248e-01  4.63417108e-01  4.66578138e-01  4.67690289e-01
  4.69809406e-01  4.70820560e-01  4.71790553e-01  4.77098318e-01
  4.79085697e-01  4.81724334e-01  4.89411087e-01  4.91769564e-01
  4.93037065e-01  4.96232747e-01  4.99909483e-01  5.02134903e-01
  5.02473780e-01  5.06055228e-01  5.07705922e-01  5.10143319e-01
  5.12345347e-01  5.13235588e-01  5.19942943e-01  5.22696862e-01
  5.25316093e-01  5.30203712e-01  5.33770861e-01  5.38934254e-01
  5.47835801e-01  5.50405162e-01  5.52822110e-01  5.58983420e-01
  5.60692596e-01  5.64452610e-01  5.66170328e-01  5.67762062e-01
  5.71262957e-01  5.74910724e-01  5.79473163e-01  5.80042763e-01
  5.86339397e-01  5.89337644e-01  5.96173284e-01  5.99254593e-01
  6.04105752e-01  6.06143073e-01  6.09143636e-01  6.12434981e-01
  6.15264025e-01  6.23513303e-01  6.24739052e-01  6.29508520e-01
  6.33788394e-01  6.45249973e-01  6.46584991e-01  6.51065256e-01
  6.56601004e-01  6.61721905e-01  6.63187151e-01  6.69354326e-01
  6.73493626e-01  6.79396342e-01  6.83621297e-01  6.85198223e-01
  6.97311130e-01  7.00152960e-01  7.04499393e-01  7.11724497e-01
  7.15622784e-01  7.23734825e-01  7.29628969e-01  7.30950826e-01
  7.33358176e-01  7.42903693e-01  7.44815048e-01  7.46163670e-01
  7.51318087e-01  7.55538971e-01  7.56811953e-01  7.58916573e-01
  7.62413417e-01  7.66371934e-01  7.70152739e-01  7.74283932e-01
  7.75425962e-01  7.77285978e-01  7.79661913e-01  7.81391962e-01
  7.86486887e-01  7.88958079e-01  7.93472953e-01  7.98304829e-01
  8.03187958e-01  8.06207510e-01  8.14520506e-01  8.19260779e-01
  8.23083161e-01  8.31117292e-01  8.38465667e-01  8.40486278e-01
  8.44274901e-01  8.47231888e-01  8.48312280e-01  8.54942651e-01
  8.60178314e-01  8.62805386e-01  8.64318121e-01  8.71381988e-01
  8.77177449e-01  8.77368668e-01  8.84533653e-01  8.87309792e-01
  8.89755913e-01  8.96976740e-01  9.06370789e-01  9.10984316e-01
  9.15506406e-01  9.20144985e-01  9.22993843e-01  9.23230034e-01
  9.31269256e-01  9.34393475e-01  9.38214974e-01  9.46266902e-01
  9.50942459e-01  9.57884028e-01  9.62744924e-01  9.71035149e-01
  9.73481791e-01  9.75232264e-01  9.78727851e-01  9.82382820e-01
  9.95802977e-01  1.00425374e+00  1.00995241e+00  1.01574937e+00
  1.02606910e+00  1.03420611e+00  1.04250298e+00  1.04671217e+00
  1.04977434e+00  1.05198615e+00  1.05812505e+00  1.06645282e+00
  1.06974437e+00  1.07181111e+00  1.08056593e+00  1.09102283e+00
  1.09703125e+00  1.10502290e+00  1.11216525e+00  1.11702593e+00
  1.13232278e+00  1.13405427e+00  1.14104970e+00  1.14496519e+00
  1.15207124e+00  1.15415673e+00  1.16020317e+00  1.16365958e+00
  1.16563691e+00  1.17440588e+00  1.17973665e+00  1.18228297e+00
  1.18917301e+00  1.19523615e+00  1.20179543e+00  1.21151358e+00
  1.22074998e+00  1.22697626e+00  1.22926596e+00  1.23171249e+00
  1.23629146e+00  1.24623192e+00  1.25362449e+00  1.26882941e+00
  1.27500598e+00  1.28027925e+00  1.28755073e+00  1.29505970e+00
  1.30210107e+00  1.30997795e+00  1.31126909e+00  1.31176627e+00
  1.31646907e+00  1.32136173e+00  1.32670148e+00  1.32915950e+00
  1.33316877e+00  1.33683265e+00  1.34557390e+00  1.34722866e+00
  1.34838680e+00  1.35458594e+00  1.36030184e+00  1.36436919e+00
  1.36904503e+00  1.37578502e+00  1.38074970e+00  1.38690370e+00
  1.38866906e+00  1.39908961e+00  1.40313382e+00  1.40382669e+00
  1.40784788e+00  1.41174963e+00  1.42099025e+00  1.42218340e+00
  1.43179652e+00  1.43453015e+00  1.44077954e+00  1.45194560e+00
  1.45895188e+00  1.46770793e+00  1.48265141e+00  1.48891951e+00
  1.49317872e+00  1.50136220e+00  1.50762054e+00  1.51430517e+00
  1.51701738e+00  1.51951522e+00  1.52307740e+00  1.53655842e+00
  1.55079700e+00  1.55451369e+00  1.55701133e+00  1.55913006e+00
  1.56004863e+00  1.56333362e+00  1.56691268e+00  1.57293232e+00
  1.57457769e+00  1.57986268e+00  1.58426829e+00  1.58781537e+00
  1.59675497e+00  1.60144588e+00  1.60359245e+00  1.61402193e+00
  1.62159794e+00  1.62651119e+00  1.63355451e+00  1.64023206e+00
  1.64490912e+00  1.64802043e+00  1.65065467e+00  1.65237649e+00
  1.65575641e+00  1.66267118e+00  1.66834985e+00  1.67154508e+00
  1.67564329e+00  1.68094776e+00  1.68308460e+00  1.68674373e+00
  1.69526665e+00  1.69806219e+00  1.70071780e+00  1.70427566e+00
  1.70866021e+00  1.71282814e+00  1.71901474e+00  1.72498267e+00
  1.73420690e+00  1.73658395e+00  1.75076958e+00  1.75457917e+00
  1.75518869e+00  1.75860220e+00  1.76063172e+00  1.76327429e+00
  1.76921829e+00  1.77962025e+00  1.78085372e+00  1.78710544e+00
  1.79285543e+00  1.79739835e+00  1.80232239e+00  1.80728526e+00
  1.81174253e+00  1.81263815e+00  1.81724735e+00  1.81976839e+00
  1.82521518e+00  1.82679415e+00  1.84586217e+00  1.84904223e+00
  1.85287332e+00  1.85453615e+00  1.86152662e+00  1.86823081e+00
  1.87145455e+00  1.87561103e+00  1.88464381e+00  1.89120581e+00
  1.89548638e+00  1.90349392e+00  1.90408314e+00  1.91244599e+00
  1.92285780e+00  1.93428459e+00  1.93565070e+00  1.94395075e+00
  1.94650532e+00  1.96383028e+00  1.97005118e+00  1.97534064e+00
  1.98701478e+00  1.98978116e+00  1.99089705e+00  2.00509146e+00
  2.01338259e+00  2.02001006e+00  2.02503201e+00  2.02976810e+00
  2.03199846e+00  2.03491501e+00  2.04084492e+00  2.04777520e+00
  2.05150268e+00  2.05819543e+00  2.06071221e+00  2.06774302e+00
  2.07736065e+00  2.08771638e+00  2.09732982e+00  2.10228789e+00
  2.11352782e+00  2.12634211e+00  2.12993282e+00  2.13902646e+00
  2.14638010e+00  2.15179218e+00  2.15540586e+00  2.15548404e+00
  2.16009227e+00  2.16530664e+00  2.18277193e+00  2.18636463e+00
  2.20041083e+00  2.20101665e+00  2.20342672e+00  2.20684341e+00
  2.21083214e+00  2.21351505e+00  2.22351373e+00  2.23973672e+00
  2.24449195e+00  2.25133038e+00  2.25445790e+00  2.25730656e+00
  2.26780451e+00  2.27574644e+00  2.28113521e+00  2.28551391e+00
  2.29348436e+00  2.30201566e+00  2.31554638e+00  2.32017922e+00
  2.32564664e+00  2.33057790e+00  2.33445456e+00  2.34303633e+00
  2.35010083e+00  2.36272840e+00  2.37028164e+00  2.37321274e+00
  2.38079040e+00  2.38347039e+00  2.39618489e+00  2.40052561e+00
  2.40534624e+00  2.42175540e+00  2.42499264e+00  2.43953379e+00
  2.45043970e+00  2.46956140e+00  2.47454067e+00  2.47863726e+00
  2.48615906e+00  2.50313382e+00  2.50568815e+00  2.51382406e+00
  2.51781247e+00  2.52414960e+00  2.53377223e+00  2.54100540e+00
  2.55527809e+00  2.56246653e+00  2.57143220e+00  2.57691297e+00
  2.59352201e+00  2.60739851e+00  2.60773281e+00  2.62455902e+00
  2.63061786e+00  2.63497405e+00  2.63683445e+00  2.64297367e+00
  2.64544570e+00  2.65734434e+00  2.66856004e+00  2.67169396e+00
  2.67657313e+00  2.68085747e+00  2.68323258e+00  2.69094413e+00
  2.69274951e+00  2.70003635e+00  2.70408561e+00  2.70555991e+00
  2.71214210e+00  2.71662853e+00  2.73051001e+00  2.73856879e+00
  2.74018588e+00  2.74262223e+00  2.74768566e+00  2.75112508e+00
  2.75336286e+00  2.75446771e+00  2.76026945e+00  2.76611774e+00
  2.77160825e+00  2.77319671e+00  2.77787049e+00  2.79099577e+00
  2.79637143e+00  2.79990959e+00  2.80264219e+00  2.80652906e+00
  2.80802023e+00  2.81367802e+00  2.81902269e+00  2.82187271e+00
  2.82756070e+00  2.82853237e+00  2.83791610e+00  2.84248442e+00
  2.84621096e+00  2.84944803e+00  2.85274911e+00  2.85810191e+00
  2.85915961e+00  2.86468066e+00  2.86702910e+00  2.87400299e+00
  2.88073919e+00  2.88505832e+00  2.88917826e+00  2.89238275e+00
  2.89607267e+00  2.90072968e+00  2.90586139e+00  2.91094427e+00
  2.91259381e+00  2.92094601e+00  2.92206664e+00  2.92877221e+00
  2.93112400e+00  2.93393469e+00  2.94035500e+00  2.94380827e+00
  2.94738131e+00  2.95124854e+00  2.95293506e+00  2.95453767e+00
  2.96040060e+00  2.96307263e+00  2.96782279e+00  2.97282874e+00
  2.97456933e+00  2.99144319e+00  2.99551987e+00  2.99939274e+00
  3.00125215e+00  3.00752927e+00  3.01269314e+00  3.01674739e+00
  3.02358825e+00  3.02777874e+00  3.03026159e+00  3.04051999e+00
  3.04845331e+00  3.05063510e+00  3.06058077e+00  3.06312860e+00
  3.06790599e+00  3.07651873e+00  3.08053720e+00  3.08411847e+00
  3.09310554e+00  3.09549021e+00  3.10020466e+00  3.11506327e+00
  3.11913622e+00  3.12475834e+00  3.13523295e+00  3.14362552e+00
  3.15271469e+00  3.15344028e+00  3.16076641e+00  3.16410520e+00
  3.17913580e+00  3.18104625e+00  3.18683732e+00  3.19383050e+00
  3.19949407e+00  3.20306844e+00  3.20748293e+00  3.21033343e+00
  3.21255109e+00  3.21710176e+00  3.22113108e+00  3.22416005e+00
  3.22631136e+00  3.23450832e+00  3.23661662e+00  3.24362356e+00
  3.24567690e+00  3.24848505e+00  3.25132931e+00  3.25313190e+00
  3.25484913e+00  3.26226530e+00  3.26492165e+00  3.26819000e+00
  3.26974733e+00  3.27513868e+00  3.28580151e+00  3.28913472e+00
  3.29192433e+00  3.30011297e+00  3.30232771e+00  3.31747162e+00
  3.32260939e+00  3.32556045e+00  3.33430470e+00  3.33544849e+00
  3.33945621e+00  3.34655797e+00  3.34775651e+00  3.35279376e+00
  3.36056447e+00  3.36824383e+00  3.37366908e+00  3.37936524e+00
  3.38081826e+00  3.38398728e+00  3.39014329e+00  3.39093729e+00
  3.40120749e+00  3.41214778e+00  3.41733425e+00  3.41786126e+00
  3.42544038e+00  3.42755625e+00  3.42892847e+00  3.43287710e+00
  3.43425092e+00  3.43871961e+00  3.44145025e+00  3.44555294e+00
  3.45325062e+00  3.45928366e+00  3.46888525e+00  3.47236702e+00
  3.47489960e+00  3.47989097e+00  3.48286214e+00  3.48617731e+00
  3.49010199e+00  3.49708585e+00  3.49881951e+00  3.50353254e+00
  3.50593623e+00  3.50913280e+00  3.51402286e+00  3.51594813e+00
  3.52143268e+00  3.52754689e+00  3.53220595e+00  3.53609503e+00
  3.53760383e+00  3.53842091e+00  3.54862028e+00  3.55000560e+00
  3.55243909e+00  3.56090323e+00  3.56129512e+00  3.56850939e+00
  3.57972155e+00  3.58470431e+00  3.59028697e+00  3.59290968e+00
  3.59841203e+00  3.60201354e+00  3.60414614e+00  3.60550362e+00
  3.61383442e+00  3.61695319e+00  3.62367940e+00  3.63335919e+00
  3.63406731e+00  3.63955669e+00  3.64920867e+00  3.65592027e+00
  3.66054771e+00  3.66279829e+00  3.66678916e+00  3.67228681e+00
  3.67845651e+00  3.68358120e+00  3.69507136e+00  3.70384418e+00
  3.70758073e+00  3.72620576e+00  3.74021341e+00  3.74976287e+00
  3.75641274e+00  3.76152003e+00  3.76276876e+00  3.77142250e+00
  3.77450181e+00  3.78980911e+00  3.79515129e+00  3.80642209e+00
  3.81593129e+00  3.82848868e+00  3.83092238e+00  3.83184265e+00
  3.84637883e+00  3.84996492e+00  3.85391465e+00  3.86226023e+00
  3.86601721e+00  3.88040744e+00  3.89296030e+00  3.90364304e+00
  3.91070947e+00  3.91383195e+00  3.92981423e+00  3.96269786e+00
  3.97559196e+00  3.98743741e+00  3.99812066e+00  4.00315746e+00
  4.01204291e+00  4.01417066e+00  4.02065949e+00  4.04422091e+00
  4.04986036e+00  4.06240913e+00  4.08467169e+00  4.08652922e+00
  4.09314573e+00  4.09770015e+00  4.10071517e+00  4.10846669e+00
  4.11523123e+00  4.12291244e+00  4.12326693e+00  4.12604480e+00
  4.13032517e+00  4.13729550e+00  4.15646734e+00  4.15963767e+00
  4.16476870e+00  4.17142897e+00  4.18076386e+00  4.18493684e+00
  4.19085412e+00  4.20126095e+00  4.21441947e+00  4.22015118e+00
  4.22224976e+00  4.23223385e+00  4.24978500e+00  4.25817125e+00
  4.26200787e+00  4.26510595e+00  4.27307138e+00  4.27496243e+00
  4.28043284e+00  4.28389846e+00  4.28818714e+00  4.28962497e+00
  4.29895440e+00  4.30579980e+00  4.32192265e+00  4.32750722e+00
  4.33215300e+00  4.33497684e+00  4.34256550e+00  4.35442245e+00
  4.36841849e+00  4.37813927e+00  4.38385004e+00  4.38980659e+00
  4.39005708e+00  4.39629874e+00  4.39788821e+00  4.40358545e+00
  4.41181182e+00  4.41951399e+00  4.43332000e+00  4.44320081e+00
  4.44963516e+00  4.47026120e+00  4.47588786e+00  4.47812224e+00
  4.50529898e+00  4.51137157e+00  4.53923119e+00  4.55042924e+00
  4.57989520e+00  4.59148078e+00  4.60514949e+00  4.60586907e+00
  4.64928258e+00  4.65688072e+00  4.66228661e+00  4.68185488e+00
  4.68337309e+00  4.70202021e+00  4.70292984e+00  4.73084354e+00
  4.74522703e+00  4.75699975e+00  4.77880491e+00  4.78636193e+00
  4.81435242e+00  4.82023788e+00  4.82312904e+00  4.84576558e+00
  4.85430248e+00  4.85603477e+00  4.87530656e+00  4.89351756e+00
  4.90059193e+00  4.91748096e+00  4.92815701e+00  4.93829471e+00
  4.94089055e+00  4.95958446e+00  4.96256622e+00  4.97927132e+00
  4.98364968e+00  4.98432611e+00  4.99421507e+00  5.00627838e+00
  5.01547006e+00  5.02334147e+00  5.02467973e+00  5.05904816e+00
  5.07181958e+00  5.08227069e+00  5.11708476e+00  5.12622113e+00
  5.15170099e+00  5.15298446e+00  5.16293612e+00  5.18843834e+00
  5.19596761e+00  5.21429675e+00  5.22228239e+00  5.23010958e+00
  5.27337522e+00  5.28850860e+00  5.30434409e+00  5.31338651e+00
  5.32416294e+00  5.33714161e+00  5.34445773e+00  5.35719393e+00
  5.36386454e+00  5.36835377e+00  5.39209043e+00  5.40728603e+00
  5.41342444e+00  5.41716173e+00  5.43774820e+00  5.49037695e+00
  5.51622282e+00  5.54052244e+00  5.56579250e+00  5.60091542e+00
  5.62995227e+00  5.65280062e+00  5.65621981e+00  5.66410069e+00
  5.67922613e+00  5.70113769e+00  5.70994522e+00  5.71910965e+00
  5.73575846e+00  5.75064134e+00  5.80427768e+00  5.86020687e+00
  5.88308143e+00  5.91793414e+00  5.92779682e+00  6.03269363e+00
  6.08234847e+00  6.12968236e+00  6.13150814e+00  6.17181126e+00
  6.24369504e+00  8.98190795e+00  9.54971168e+00  9.58779698e+00
  2.03555067e+01  2.22116597e+01  2.22515092e+01  2.23629668e+01
  2.24616342e+01  2.25988672e+01  2.26104067e+01  2.26160874e+01
  2.26171512e+01  2.26697177e+01  2.27007913e+01  2.27524985e+01
  2.27655704e+01  2.27777552e+01  2.27903701e+01  2.27926633e+01
  2.27992848e+01  2.28079705e+01  2.28355957e+01  2.28536081e+01
  2.28903256e+01  2.30081982e+01  2.30380619e+01  2.31808236e+01
  2.31944901e+01  2.32362212e+01  2.33708428e+01  3.24165486e+01
  3.24961518e+01  3.32640176e+01]
nelec by numeric integration = 212.00017659244304
    CPU time for vxc    153.24 sec, wall time      8.58 sec
    CPU time for df vj and vk    422.30 sec, wall time     27.42 sec
    CPU time for df vj and vk    331.05 sec, wall time     17.69 sec
E1 = -7291.057326918272  Ecoul = 3323.0777859472955  Exc = -194.32155011567932
cycle= 1 E= -1564.74153756699  delta_E= 8.19e-12  |g|= 4.03e-06  |ddm|= 7.87e-06
    CPU time for cycle= 1    912.68 sec, wall time     54.52 sec
  HOMO = -0.272688211816325  LUMO = -0.0146699917657391
  mo_energy =
[-8.88855138e+01 -1.44372182e+01 -1.44088047e+01 -1.43966532e+01
 -1.03428596e+01 -1.03219387e+01 -1.03162140e+01 -1.03161686e+01
 -1.03161546e+01 -1.03050827e+01 -1.03018373e+01 -1.03002348e+01
 -1.02997907e+01 -1.02920540e+01 -1.02817533e+01 -1.02816505e+01
 -1.02812320e+01 -1.02750348e+01 -1.02747706e+01 -1.02747340e+01
 -1.02747258e+01 -1.02747071e+01 -1.02745379e+01 -1.02745211e+01
 -1.02718263e+01 -1.02718200e+01 -1.02714443e+01 -1.02714201e+01
 -1.02695282e+01 -1.02695099e+01 -8.07272677e+00 -6.03392120e+00
 -6.03008396e+00 -6.02740305e+00 -1.11097919e+00 -1.10493757e+00
 -1.07347085e+00 -1.00679853e+00 -9.96948630e-01 -9.81627877e-01
 -9.60041189e-01 -9.45237610e-01 -9.02607323e-01 -8.98795125e-01
 -8.93351803e-01 -8.86827051e-01 -8.83758644e-01 -8.81961654e-01
 -8.68210733e-01 -8.40918148e-01 -7.81418430e-01 -7.67566893e-01
 -7.58618948e-01 -7.54645205e-01 -7.37359666e-01 -7.34199347e-01
 -7.31317604e-01 -7.07425482e-01 -6.92153024e-01 -6.83098976e-01
 -6.62405430e-01 -6.58082356e-01 -6.41392804e-01 -6.18520665e-01
 -6.05098831e-01 -6.03676963e-01 -5.99111375e-01 -5.90921927e-01
 -5.83629014e-01 -5.74287207e-01 -5.70544128e-01 -5.65356679e-01
 -5.56946919e-01 -5.53369787e-01 -5.46645576e-01 -5.43118197e-01
 -5.40967045e-01 -5.39266531e-01 -5.37527531e-01 -5.35566329e-01
 -5.23064107e-01 -5.17265770e-01 -5.03292529e-01 -4.95843492e-01
 -4.93720720e-01 -4.91551083e-01 -4.82375341e-01 -4.74079533e-01
 -4.68064506e-01 -4.67152224e-01 -4.62333098e-01 -4.52853380e-01
 -4.48609412e-01 -4.37351060e-01 -4.12909237e-01 -3.92845092e-01
 -3.88619079e-01 -3.70222797e-01 -3.67678312e-01 -3.67272641e-01
 -3.64777816e-01 -3.61331409e-01 -3.54417114e-01 -3.52392938e-01
 -3.19266755e-01 -2.72688212e-01 -1.46699918e-02  3.35577585e-02
  3.79378130e-02  4.37593658e-02  5.60199993e-02  6.31738878e-02
  6.65096328e-02  7.80157327e-02  8.72772189e-02  1.09075254e-01
  1.16027981e-01  1.25547101e-01  1.31637438e-01  1.35563273e-01
  1.39169207e-01  1.45289387e-01  1.47771919e-01  1.51044832e-01
  1.56899019e-01  1.61281932e-01  1.63905787e-01  1.66103246e-01
  1.70098147e-01  1.72722788e-01  1.79270441e-01  1.83735964e-01
  1.84981634e-01  1.90184812e-01  1.97648785e-01  1.99990618e-01
  2.04230089e-01  2.11504460e-01  2.18774076e-01  2.19109050e-01
  2.21895345e-01  2.28326654e-01  2.34266739e-01  2.38065590e-01
  2.43056509e-01  2.48253702e-01  2.55793547e-01  2.58121935e-01
  2.62281427e-01  2.64585760e-01  2.68331761e-01  2.73003843e-01
  2.76549860e-01  2.77239574e-01  2.79734338e-01  2.82904684e-01
  2.84875374e-01  2.86955295e-01  2.92001047e-01  2.93093568e-01
  3.00637616e-01  3.03692064e-01  3.07408194e-01  3.10757338e-01
  3.11005980e-01  3.12967390e-01  3.14916973e-01  3.17207929e-01
  3.18862675e-01  3.20404572e-01  3.29802923e-01  3.30717489e-01
  3.31789121e-01  3.36392952e-01  3.37984198e-01  3.43725181e-01
  3.45481106e-01  3.51282215e-01  3.56964290e-01  3.57530212e-01
  3.61660863e-01  3.63775818e-01  3.72296676e-01  3.75988837e-01
  3.76889472e-01  3.79158508e-01  3.84126213e-01  3.87396287e-01
  3.87578024e-01  3.92198821e-01  3.98918965e-01  4.01215612e-01
  4.01685567e-01  4.10188808e-01  4.12041506e-01  4.19574291e-01
  4.22009329e-01  4.24079363e-01  4.28444127e-01  4.30558889e-01
  4.35643051e-01  4.43251697e-01  4.45885558e-01  4.47842447e-01
  4.50187972e-01  4.52062027e-01  4.54256875e-01  4.55666621e-01
  4.59526097e-01  4.63417091e-01  4.66578108e-01  4.67690183e-01
  4.69809285e-01  4.70820485e-01  4.71790528e-01  4.77098273e-01
  4.79085676e-01  4.81724313e-01  4.89411072e-01  4.91769556e-01
  4.93037055e-01  4.96232789e-01  4.99909427e-01  5.02134913e-01
  5.02473798e-01  5.06055231e-01  5.07705966e-01  5.10143284e-01
  5.12345331e-01  5.13235584e-01  5.19942954e-01  5.22696818e-01
  5.25316111e-01  5.30203712e-01  5.33770891e-01  5.38934255e-01
  5.47835757e-01  5.50405051e-01  5.52822068e-01  5.58983451e-01
  5.60692491e-01  5.64452530e-01  5.66170314e-01  5.67761985e-01
  5.71262875e-01  5.74910676e-01  5.79473144e-01  5.80042715e-01
  5.86339393e-01  5.89337673e-01  5.96173139e-01  5.99254479e-01
  6.04105656e-01  6.06142990e-01  6.09143556e-01  6.12434948e-01
  6.15264026e-01  6.23513286e-01  6.24739000e-01  6.29508476e-01
  6.33788322e-01  6.45249874e-01  6.46584989e-01  6.51065294e-01
  6.56600908e-01  6.61721752e-01  6.63186917e-01  6.69354248e-01
  6.73493632e-01  6.79396244e-01  6.83621195e-01  6.85198174e-01
  6.97311049e-01  7.00153000e-01  7.04499346e-01  7.11724453e-01
  7.15622717e-01  7.23734841e-01  7.29628799e-01  7.30950860e-01
  7.33358221e-01  7.42903654e-01  7.44815007e-01  7.46163669e-01
  7.51318083e-01  7.55538942e-01  7.56812013e-01  7.58916543e-01
  7.62413389e-01  7.66371879e-01  7.70152738e-01  7.74283890e-01
  7.75425891e-01  7.77285923e-01  7.79661773e-01  7.81391999e-01
  7.86486844e-01  7.88958092e-01  7.93472957e-01  7.98304825e-01
  8.03187860e-01  8.06207520e-01  8.14520557e-01  8.19260790e-01
  8.23083210e-01  8.31117278e-01  8.38465675e-01  8.40486319e-01
  8.44274908e-01  8.47231769e-01  8.48312265e-01  8.54942560e-01
  8.60178280e-01  8.62805263e-01  8.64318073e-01  8.71381971e-01
  8.77177435e-01  8.77368644e-01  8.84533523e-01  8.87309660e-01
  8.89755853e-01  8.96976620e-01  9.06370709e-01  9.10984223e-01
  9.15506390e-01  9.20145025e-01  9.22993744e-01  9.23229976e-01
  9.31269201e-01  9.34393416e-01  9.38214985e-01  9.46266967e-01
  9.50942409e-01  9.57883900e-01  9.62744853e-01  9.71035043e-01
  9.73481689e-01  9.75232205e-01  9.78727763e-01  9.82382837e-01
  9.95802990e-01  1.00425382e+00  1.00995240e+00  1.01574936e+00
  1.02606902e+00  1.03420615e+00  1.04250301e+00  1.04671215e+00
  1.04977433e+00  1.05198613e+00  1.05812501e+00  1.06645291e+00
  1.06974442e+00  1.07181114e+00  1.08056593e+00  1.09102289e+00
  1.09703125e+00  1.10502290e+00  1.11216523e+00  1.11702596e+00
  1.13232276e+00  1.13405426e+00  1.14104970e+00  1.14496514e+00
  1.15207122e+00  1.15415670e+00  1.16020319e+00  1.16365955e+00
  1.16563700e+00  1.17440590e+00  1.17973655e+00  1.18228297e+00
  1.18917291e+00  1.19523604e+00  1.20179541e+00  1.21151355e+00
  1.22074998e+00  1.22697633e+00  1.22926592e+00  1.23171242e+00
  1.23629151e+00  1.24623199e+00  1.25362435e+00  1.26882933e+00
  1.27500600e+00  1.28027919e+00  1.28755061e+00  1.29505969e+00
  1.30210105e+00  1.30997792e+00  1.31126905e+00  1.31176622e+00
  1.31646900e+00  1.32136171e+00  1.32670145e+00  1.32915944e+00
  1.33316864e+00  1.33683264e+00  1.34557379e+00  1.34722857e+00
  1.34838676e+00  1.35458597e+00  1.36030177e+00  1.36436908e+00
  1.36904492e+00  1.37578499e+00  1.38074971e+00  1.38690371e+00
  1.38866898e+00  1.39908960e+00  1.40313381e+00  1.40382662e+00
  1.40784786e+00  1.41174960e+00  1.42099017e+00  1.42218353e+00
  1.43179670e+00  1.43453022e+00  1.44077951e+00  1.45194541e+00
  1.45895183e+00  1.46770802e+00  1.48265132e+00  1.48891956e+00
  1.49317845e+00  1.50136193e+00  1.50762044e+00  1.51430504e+00
  1.51701730e+00  1.51951523e+00  1.52307735e+00  1.53655843e+00
  1.55079707e+00  1.55451375e+00  1.55701133e+00  1.55912998e+00
  1.56004864e+00  1.56333371e+00  1.56691265e+00  1.57293227e+00
  1.57457761e+00  1.57986268e+00  1.58426843e+00  1.58781540e+00
  1.59675491e+00  1.60144578e+00  1.60359233e+00  1.61402188e+00
  1.62159805e+00  1.62651126e+00  1.63355453e+00  1.64023209e+00
  1.64490904e+00  1.64802043e+00  1.65065460e+00  1.65237640e+00
  1.65575637e+00  1.66267106e+00  1.66834975e+00  1.67154499e+00
  1.67564318e+00  1.68094767e+00  1.68308451e+00  1.68674366e+00
  1.69526655e+00  1.69806212e+00  1.70071765e+00  1.70427580e+00
  1.70866023e+00  1.71282823e+00  1.71901476e+00  1.72498267e+00
  1.73420693e+00  1.73658395e+00  1.75076948e+00  1.75457912e+00
  1.75518863e+00  1.75860209e+00  1.76063171e+00  1.76327427e+00
  1.76921821e+00  1.77962031e+00  1.78085378e+00  1.78710549e+00
  1.79285536e+00  1.79739825e+00  1.80232228e+00  1.80728516e+00
  1.81174251e+00  1.81263797e+00  1.81724723e+00  1.81976825e+00
  1.82521507e+00  1.82679408e+00  1.84586224e+00  1.84904220e+00
  1.85287326e+00  1.85453603e+00  1.86152668e+00  1.86823086e+00
  1.87145446e+00  1.87561095e+00  1.88464380e+00  1.89120579e+00
  1.89548635e+00  1.90349377e+00  1.90408305e+00  1.91244601e+00
  1.92285784e+00  1.93428456e+00  1.93565054e+00  1.94395066e+00
  1.94650532e+00  1.96383020e+00  1.97005111e+00  1.97534050e+00
  1.98701471e+00  1.98978111e+00  1.99089694e+00  2.00509141e+00
  2.01338251e+00  2.02001020e+00  2.02503191e+00  2.02976800e+00
  2.03199833e+00  2.03491492e+00  2.04084498e+00  2.04777521e+00
  2.05150257e+00  2.05819534e+00  2.06071187e+00  2.06774284e+00
  2.07736060e+00  2.08771621e+00  2.09732979e+00  2.10228799e+00
  2.11352782e+00  2.12634201e+00  2.12993272e+00  2.13902634e+00
  2.14637996e+00  2.15179209e+00  2.15540592e+00  2.15548416e+00
  2.16009232e+00  2.16530661e+00  2.18277202e+00  2.18636457e+00
  2.20041079e+00  2.20101663e+00  2.20342661e+00  2.20684319e+00
  2.21083193e+00  2.21351534e+00  2.22351366e+00  2.23973664e+00
  2.24449189e+00  2.25133049e+00  2.25445788e+00  2.25730658e+00
  2.26780464e+00  2.27574646e+00  2.28113515e+00  2.28551386e+00
  2.29348429e+00  2.30201599e+00  2.31554626e+00  2.32017930e+00
  2.32564649e+00  2.33057801e+00  2.33445446e+00  2.34303614e+00
  2.35010061e+00  2.36272836e+00  2.37028153e+00  2.37321256e+00
  2.38079024e+00  2.38347002e+00  2.39618477e+00  2.40052567e+00
  2.40534616e+00  2.42175535e+00  2.42499257e+00  2.43953370e+00
  2.45043947e+00  2.46956138e+00  2.47454052e+00  2.47863718e+00
  2.48615916e+00  2.50313373e+00  2.50568820e+00  2.51382414e+00
  2.51781248e+00  2.52414929e+00  2.53377206e+00  2.54100535e+00
  2.55527786e+00  2.56246636e+00  2.57143209e+00  2.57691293e+00
  2.59352187e+00  2.60739855e+00  2.60773279e+00  2.62455899e+00
  2.63061784e+00  2.63497400e+00  2.63683443e+00  2.64297369e+00
  2.64544572e+00  2.65734440e+00  2.66856004e+00  2.67169386e+00
  2.67657317e+00  2.68085749e+00  2.68323278e+00  2.69094413e+00
  2.69274944e+00  2.70003632e+00  2.70408570e+00  2.70555994e+00
  2.71214208e+00  2.71662856e+00  2.73051004e+00  2.73856875e+00
  2.74018582e+00  2.74262224e+00  2.74768563e+00  2.75112500e+00
  2.75336277e+00  2.75446765e+00  2.76026941e+00  2.76611762e+00
  2.77160814e+00  2.77319666e+00  2.77787053e+00  2.79099589e+00
  2.79637138e+00  2.79990966e+00  2.80264228e+00  2.80652905e+00
  2.80802036e+00  2.81367813e+00  2.81902286e+00  2.82187284e+00
  2.82756077e+00  2.82853237e+00  2.83791605e+00  2.84248438e+00
  2.84621091e+00  2.84944792e+00  2.85274908e+00  2.85810188e+00
  2.85915950e+00  2.86468054e+00  2.86702911e+00  2.87400293e+00
  2.88073927e+00  2.88505822e+00  2.88917829e+00  2.89238280e+00
  2.89607268e+00  2.90072964e+00  2.90586147e+00  2.91094437e+00
  2.91259377e+00  2.92094598e+00  2.92206657e+00  2.92877215e+00
  2.93112402e+00  2.93393463e+00  2.94035506e+00  2.94380821e+00
  2.94738140e+00  2.95124854e+00  2.95293498e+00  2.95453769e+00
  2.96040069e+00  2.96307248e+00  2.96782280e+00  2.97282860e+00
  2.97456917e+00  2.99144314e+00  2.99551981e+00  2.99939265e+00
  3.00125203e+00  3.00752930e+00  3.01269310e+00  3.01674728e+00
  3.02358820e+00  3.02777865e+00  3.03026150e+00  3.04051978e+00
  3.04845311e+00  3.05063508e+00  3.06058063e+00  3.06312868e+00
  3.06790598e+00  3.07651861e+00  3.08053725e+00  3.08411842e+00
  3.09310542e+00  3.09549013e+00  3.10020461e+00  3.11506328e+00
  3.11913623e+00  3.12475842e+00  3.13523310e+00  3.14362533e+00
  3.15271475e+00  3.15344041e+00  3.16076661e+00  3.16410506e+00
  3.17913594e+00  3.18104640e+00  3.18683738e+00  3.19383080e+00
  3.19949423e+00  3.20306854e+00  3.20748294e+00  3.21033341e+00
  3.21255115e+00  3.21710181e+00  3.22113104e+00  3.22416001e+00
  3.22631124e+00  3.23450837e+00  3.23661662e+00  3.24362362e+00
  3.24567697e+00  3.24848501e+00  3.25132940e+00  3.25313183e+00
  3.25484911e+00  3.26226522e+00  3.26492162e+00  3.26818998e+00
  3.26974731e+00  3.27513875e+00  3.28580158e+00  3.28913479e+00
  3.29192433e+00  3.30011307e+00  3.30232772e+00  3.31747156e+00
  3.32260945e+00  3.32556052e+00  3.33430474e+00  3.33544852e+00
  3.33945613e+00  3.34655794e+00  3.34775650e+00  3.35279383e+00
  3.36056450e+00  3.36824387e+00  3.37366905e+00  3.37936514e+00
  3.38081830e+00  3.38398723e+00  3.39014326e+00  3.39093727e+00
  3.40120748e+00  3.41214769e+00  3.41733416e+00  3.41786113e+00
  3.42544027e+00  3.42755617e+00  3.42892848e+00  3.43287713e+00
  3.43425097e+00  3.43871964e+00  3.44145020e+00  3.44555299e+00
  3.45325065e+00  3.45928358e+00  3.46888518e+00  3.47236696e+00
  3.47489953e+00  3.47989077e+00  3.48286214e+00  3.48617723e+00
  3.49010202e+00  3.49708581e+00  3.49881940e+00  3.50353252e+00
  3.50593613e+00  3.50913277e+00  3.51402272e+00  3.51594816e+00
  3.52143267e+00  3.52754685e+00  3.53220595e+00  3.53609498e+00
  3.53760369e+00  3.53842074e+00  3.54862015e+00  3.55000571e+00
  3.55243889e+00  3.56090328e+00  3.56129513e+00  3.56850952e+00
  3.57972145e+00  3.58470428e+00  3.59028695e+00  3.59290952e+00
  3.59841194e+00  3.60201348e+00  3.60414596e+00  3.60550356e+00
  3.61383426e+00  3.61695313e+00  3.62367912e+00  3.63335923e+00
  3.63406729e+00  3.63955680e+00  3.64920850e+00  3.65592025e+00
  3.66054746e+00  3.66279815e+00  3.66678897e+00  3.67228670e+00
  3.67845645e+00  3.68358138e+00  3.69507139e+00  3.70384411e+00
  3.70758092e+00  3.72620568e+00  3.74021342e+00  3.74976277e+00
  3.75641267e+00  3.76152001e+00  3.76276865e+00  3.77142240e+00
  3.77450182e+00  3.78980903e+00  3.79515116e+00  3.80642197e+00
  3.81593123e+00  3.82848856e+00  3.83092225e+00  3.83184267e+00
  3.84637886e+00  3.84996490e+00  3.85391460e+00  3.86226020e+00
  3.86601739e+00  3.88040758e+00  3.89296026e+00  3.90364297e+00
  3.91070939e+00  3.91383185e+00  3.92981431e+00  3.96269802e+00
  3.97559211e+00  3.98743753e+00  3.99812069e+00  4.00315753e+00
  4.01204302e+00  4.01417091e+00  4.02065941e+00  4.04422091e+00
  4.04986046e+00  4.06240913e+00  4.08467163e+00  4.08652893e+00
  4.09314561e+00  4.09770004e+00  4.10071500e+00  4.10846661e+00
  4.11523112e+00  4.12291235e+00  4.12326666e+00  4.12604462e+00
  4.13032515e+00  4.13729544e+00  4.15646735e+00  4.15963758e+00
  4.16476852e+00  4.17142889e+00  4.18076366e+00  4.18493678e+00
  4.19085407e+00  4.20126086e+00  4.21441925e+00  4.22015130e+00
  4.22224985e+00  4.23223391e+00  4.24978502e+00  4.25817108e+00
  4.26200778e+00  4.26510585e+00  4.27307130e+00  4.27496239e+00
  4.28043285e+00  4.28389853e+00  4.28818702e+00  4.28962506e+00
  4.29895434e+00  4.30579983e+00  4.32192262e+00  4.32750715e+00
  4.33215299e+00  4.33497685e+00  4.34256563e+00  4.35442242e+00
  4.36841844e+00  4.37813920e+00  4.38385000e+00  4.38980649e+00
  4.39005685e+00  4.39629862e+00  4.39788808e+00  4.40358549e+00
  4.41181171e+00  4.41951389e+00  4.43331979e+00  4.44320097e+00
  4.44963514e+00  4.47026103e+00  4.47588808e+00  4.47812199e+00
  4.50529898e+00  4.51137168e+00  4.53923115e+00  4.55042908e+00
  4.57989505e+00  4.59148091e+00  4.60514934e+00  4.60586881e+00
  4.64928271e+00  4.65688052e+00  4.66228663e+00  4.68185483e+00
  4.68337303e+00  4.70202012e+00  4.70292991e+00  4.73084340e+00
  4.74522719e+00  4.75699980e+00  4.77880493e+00  4.78636186e+00
  4.81435250e+00  4.82023782e+00  4.82312903e+00  4.84576563e+00
  4.85430259e+00  4.85603472e+00  4.87530656e+00  4.89351745e+00
  4.90059183e+00  4.91748093e+00  4.92815682e+00  4.93829411e+00
  4.94089042e+00  4.95958425e+00  4.96256616e+00  4.97927114e+00
  4.98364938e+00  4.98432572e+00  4.99421511e+00  5.00627838e+00
  5.01547022e+00  5.02334094e+00  5.02467957e+00  5.05904816e+00
  5.07181937e+00  5.08227052e+00  5.11708458e+00  5.12622097e+00
  5.15170071e+00  5.15298426e+00  5.16293588e+00  5.18843834e+00
  5.19596738e+00  5.21429667e+00  5.22228230e+00  5.23010942e+00
  5.27337473e+00  5.28850851e+00  5.30434404e+00  5.31338608e+00
  5.32416274e+00  5.33714093e+00  5.34445753e+00  5.35719368e+00
  5.36386427e+00  5.36835342e+00  5.39209023e+00  5.40728578e+00
  5.41342412e+00  5.41716146e+00  5.43774790e+00  5.49037692e+00
  5.51622268e+00  5.54052247e+00  5.56579242e+00  5.60091523e+00
  5.62995208e+00  5.65280005e+00  5.65621954e+00  5.66410047e+00
  5.67922555e+00  5.70113738e+00  5.70994495e+00  5.71910915e+00
  5.73575825e+00  5.75064087e+00  5.80427748e+00  5.86020647e+00
  5.88308137e+00  5.91793369e+00  5.92779618e+00  6.03269345e+00
  6.08234734e+00  6.12968127e+00  6.13150697e+00  6.17181103e+00
  6.24369419e+00  8.98190778e+00  9.54971153e+00  9.58779682e+00
  2.03555065e+01  2.22116599e+01  2.22515093e+01  2.23629671e+01
  2.24616341e+01  2.25988673e+01  2.26104070e+01  2.26160878e+01
  2.26171513e+01  2.26697182e+01  2.27007914e+01  2.27524988e+01
  2.27655702e+01  2.27777551e+01  2.27903698e+01  2.27926630e+01
  2.27992849e+01  2.28079704e+01  2.28355956e+01  2.28536079e+01
  2.28903267e+01  2.30081981e+01  2.30380621e+01  2.31808233e+01
  2.31944900e+01  2.32362206e+01  2.33708433e+01  3.24165476e+01
  3.24961513e+01  3.32640157e+01]
nelec by numeric integration = 212.00017659240416
    CPU time for vxc    138.43 sec, wall time      7.39 sec
    CPU time for df vj and vk    419.19 sec, wall time     27.53 sec
    CPU time for df vj and vk    328.51 sec, wall time     17.53 sec
E1 = -7291.0573523426  Ecoul = 3323.0778121392104  Exc = -194.3215508832685
Extra cycle  E= -1564.74153756699  delta_E= -1.82e-12  |g|= 5.38e-06  |ddm|= 8.96e-06
    CPU time for scf_cycle   3372.84 sec, wall time    239.52 sec
    CPU time for SCF   3372.84 sec, wall time    239.52 sec
converged SCF energy = -1564.74153756699
SCF Done after 239.57 seconds
after SCF memory used: 20.69 GB
Converting <class 'pyscf.df.df_jk.density_fit.<locals>.DFHF'> to RHF
Converting <class 'pyscf.df.df_jk.density_fit.<locals>.DFHF'> to RHF
hdiag shape (100064,)
n_occ =  106
n_vir =  944
max_vir =  268
A_size =  100064
A_reduced_size = 28408
a_x = 0.56
beta = 8.0
alpha = 4.58
Q-Gamma tensors building time = 0.55
after Q matrix memory used: 20.90 GB
TDDFT
|-------- In-house Developed TDDFT Starts ---------|
Residual conv = 1e-05

Number of excited states = 1
Initial guess:   sTDDFT
Preconditioner:  sTDDFT
A matrix size =  100064
setting initial guess
sTDDFT Convergence tol = 1.00e-03
sTDDFT diagonalization Converged
after  10 iterations; 1.4778 seconds
final subspace 19
max_norm =  8.72e-04
MVcost     0.8440s 57.11%
GScost     0.2618s 17.71%
subgencost 0.2355s 15.94%
subcost    0.0081s 0.55%
sTDDFT excitation energy:
[3.40483586 4.16005775]
new_m = 2
initial guess done

iteration 0
beginning of step 0 memory used: 20.98 GB
    CPU time for df vj and vk    843.51 sec, wall time     52.22 sec
    CPU time for df vj and vk    650.94 sec, wall time     34.62 sec
subspace size: 2
Maximum residual norm:  1.85e-01
unconverged states [0]
sTDDFT_preconditioner conv 0.01
sTDDFT preconditioning Done
after 10 steps; 0.7541 s
final subspace 10
max_norm =  8.57e-03
initial_cost 0.0114s  1.51%
MVcost     0.4461s  59.15%
GScost     0.0920s  12.21%
subgencost 0.1480s  19.63%
subcost    0.0054s  0.72%
m & new_m 2 3

iteration 1
beginning of step 1 memory used: 21.00 GB
    CPU time for df vj and vk    422.19 sec, wall time     27.17 sec
    CPU time for df vj and vk    328.68 sec, wall time     17.43 sec
subspace size: 3
Maximum residual norm:  4.27e-02
unconverged states [0]
sTDDFT_preconditioner conv 0.01
sTDDFT preconditioning Done
after 12 steps; 0.9042 s
final subspace 12
max_norm =  6.36e-03
initial_cost 0.0107s  1.19%
MVcost     0.4922s  54.44%
GScost     0.1239s  13.70%
subgencost 0.1974s  21.83%
subcost    0.0068s  0.76%
m & new_m 3 4

iteration 2
beginning of step 2 memory used: 21.00 GB
    CPU time for df vj and vk    423.36 sec, wall time     27.86 sec
    CPU time for df vj and vk    330.15 sec, wall time     17.55 sec
subspace size: 4
Maximum residual norm:  2.12e-02
unconverged states [0]
sTDDFT_preconditioner conv 0.01
sTDDFT preconditioning Done
after 13 steps; 1.0446 s
final subspace 13
max_norm =  4.56e-03
initial_cost 0.0126s  1.20%
MVcost     0.5498s  52.64%
GScost     0.1512s  14.47%
subgencost 0.2475s  23.69%
subcost    0.0073s  0.69%
m & new_m 4 5

iteration 3
beginning of step 3 memory used: 21.00 GB
    CPU time for df vj and vk    419.98 sec, wall time     27.54 sec
    CPU time for df vj and vk    327.18 sec, wall time     17.34 sec
subspace size: 5
Maximum residual norm:  1.03e-02
unconverged states [0]
sTDDFT_preconditioner conv 0.01
sTDDFT preconditioning Done
after 8 steps; 0.5610 s
final subspace 8
max_norm =  6.31e-03
initial_cost 0.0114s  2.03%
MVcost     0.3445s  61.40%
GScost     0.0596s  10.62%
subgencost 0.1022s  18.21%
subcost    0.0041s  0.74%
m & new_m 5 6

iteration 4
beginning of step 4 memory used: 21.00 GB
    CPU time for df vj and vk    416.92 sec, wall time     27.24 sec
    CPU time for df vj and vk    326.31 sec, wall time     17.32 sec
subspace size: 6
Maximum residual norm:  4.00e-03
unconverged states [0]
sTDDFT_preconditioner conv 0.01
sTDDFT preconditioning Done
after 8 steps; 0.5464 s
final subspace 8
max_norm =  6.55e-03
initial_cost 0.0096s  1.76%
MVcost     0.3338s  61.09%
GScost     0.0609s  11.14%
subgencost 0.0997s  18.25%
subcost    0.0040s  0.72%
m & new_m 6 7

iteration 5
beginning of step 5 memory used: 21.00 GB
    CPU time for df vj and vk    420.50 sec, wall time     27.30 sec
    CPU time for df vj and vk    326.26 sec, wall time     17.25 sec
subspace size: 7
Maximum residual norm:  1.62e-03
unconverged states [0]
sTDDFT_preconditioner conv 0.01
sTDDFT preconditioning Done
after 7 steps; 0.4666 s
final subspace 7
max_norm =  9.67e-03
initial_cost 0.0104s  2.23%
MVcost     0.2951s  63.25%
GScost     0.0459s  9.85%
subgencost 0.0796s  17.06%
subcost    0.0034s  0.73%
m & new_m 7 8

iteration 6
beginning of step 6 memory used: 21.00 GB
    CPU time for df vj and vk    419.78 sec, wall time     27.10 sec
    CPU time for df vj and vk    326.45 sec, wall time     17.31 sec
subspace size: 8
Maximum residual norm:  6.88e-04
unconverged states [0]
sTDDFT_preconditioner conv 0.01
sTDDFT preconditioning Done
after 9 steps; 0.6280 s
final subspace 9
max_norm =  8.90e-03
initial_cost 0.0089s  1.42%
MVcost     0.3715s  59.16%
GScost     0.0748s  11.91%
subgencost 0.1234s  19.65%
subcost    0.0045s  0.72%
m & new_m 8 9

iteration 7
beginning of step 7 memory used: 21.00 GB
    CPU time for df vj and vk    415.54 sec, wall time     27.53 sec
    CPU time for df vj and vk    327.60 sec, wall time     17.37 sec
subspace size: 9
Maximum residual norm:  3.67e-04
unconverged states [0]
sTDDFT_preconditioner conv 0.01
sTDDFT preconditioning Done
after 13 steps; 1.0119 s
final subspace 13
max_norm =  4.98e-03
initial_cost 0.0124s  1.23%
MVcost     0.5333s  52.70%
GScost     0.1459s  14.42%
subgencost 0.2388s  23.60%
subcost    0.0071s  0.71%
m & new_m 9 10

iteration 8
beginning of step 8 memory used: 21.00 GB
    CPU time for df vj and vk    421.71 sec, wall time     27.30 sec
    CPU time for df vj and vk    326.69 sec, wall time     17.43 sec
subspace size: 10
Maximum residual norm:  1.41e-04
unconverged states [0]
sTDDFT_preconditioner conv 0.01
sTDDFT preconditioning Done
after 8 steps; 0.5368 s
final subspace 8
max_norm =  8.05e-03
initial_cost 0.0088s  1.64%
MVcost     0.3287s  61.23%
GScost     0.0583s  10.86%
subgencost 0.0982s  18.29%
subcost    0.0040s  0.75%
m & new_m 10 11

iteration 9
beginning of step 9 memory used: 21.00 GB
    CPU time for df vj and vk    419.37 sec, wall time     26.99 sec
    CPU time for df vj and vk    326.53 sec, wall time     17.26 sec
subspace size: 11
Maximum residual norm:  6.61e-05
unconverged states [0]
sTDDFT_preconditioner conv 0.01
sTDDFT preconditioning Done
after 9 steps; 0.6305 s
final subspace 9
max_norm =  6.43e-03
initial_cost 0.0106s  1.68%
MVcost     0.3673s  58.25%
GScost     0.0762s  12.08%
subgencost 0.1267s  20.09%
subcost    0.0046s  0.73%
m & new_m 11 12

iteration 10
beginning of step 10 memory used: 21.00 GB
    CPU time for df vj and vk    420.09 sec, wall time     27.06 sec
    CPU time for df vj and vk    327.53 sec, wall time     17.37 sec
subspace size: 12
Maximum residual norm:  3.06e-05
unconverged states [0]
sTDDFT_preconditioner conv 0.01
sTDDFT preconditioning Done
after 8 steps; 0.5382 s
final subspace 8
max_norm =  6.31e-03
initial_cost 0.0089s  1.65%
MVcost     0.3272s  60.79%
GScost     0.0599s  11.13%
subgencost 0.0996s  18.51%
subcost    0.0040s  0.74%
m & new_m 12 13

iteration 11
beginning of step 11 memory used: 21.00 GB
    CPU time for df vj and vk    419.72 sec, wall time     27.08 sec
    CPU time for df vj and vk    326.16 sec, wall time     17.30 sec
subspace size: 13
Maximum residual norm:  1.04e-05
unconverged states [0]
sTDDFT_preconditioner conv 0.01
sTDDFT preconditioning Done
after 6 steps; 0.3752 s
final subspace 6
max_norm =  9.78e-03
initial_cost 0.0085s  2.25%
MVcost     0.2454s  65.41%
GScost     0.0337s  8.99%
subgencost 0.0586s  15.61%
subcost    0.0028s  0.76%
m & new_m 13 14

iteration 12
beginning of step 12 memory used: 21.00 GB
    CPU time for df vj and vk    420.17 sec, wall time     27.15 sec
    CPU time for df vj and vk    326.78 sec, wall time     17.37 sec
subspace size: 14
Maximum residual norm:  3.56e-06
TDDFT precedure Done

============= TDDFT Calculation Done ==============
after 13 iterations 766.42 s
Final subspace  14
preconditioning cost 8.0324 0.01 %
max_norm =  3.56e-06
Total TDDFT memory used: 21.00 GB
Excited State energies (eV) =
 [3.56818759]

Number of excited states = 1
Initial guess:   Adiag
Preconditioner:  Adiag
A matrix size =  100064
new_m = 2
initial guess done

iteration 0
beginning of step 0 memory used: 20.98 GB
    CPU time for df vj and vk    838.04 sec, wall time     52.19 sec
    CPU time for df vj and vk    644.48 sec, wall time     34.16 sec
subspace size: 2
Maximum residual norm:  1.46e-01
unconverged states [0]
m & new_m 2 3

iteration 1
beginning of step 1 memory used: 20.98 GB
    CPU time for df vj and vk    419.90 sec, wall time     27.23 sec
    CPU time for df vj and vk    325.38 sec, wall time     17.51 sec
subspace size: 3
Maximum residual norm:  5.82e-02
unconverged states [0]
m & new_m 3 4

iteration 2
beginning of step 2 memory used: 20.98 GB
    CPU time for df vj and vk    422.36 sec, wall time     27.98 sec
    CPU time for df vj and vk    327.47 sec, wall time     17.39 sec
subspace size: 4
Maximum residual norm:  4.05e-02
unconverged states [0]
m & new_m 4 5

iteration 3
beginning of step 3 memory used: 20.98 GB
    CPU time for df vj and vk    421.50 sec, wall time     27.29 sec
    CPU time for df vj and vk    327.86 sec, wall time     17.42 sec
subspace size: 5
Maximum residual norm:  1.59e-02
unconverged states [0]
m & new_m 5 6

iteration 4
beginning of step 4 memory used: 20.98 GB
    CPU time for df vj and vk    424.62 sec, wall time     27.54 sec
    CPU time for df vj and vk    326.36 sec, wall time     17.26 sec
subspace size: 6
Maximum residual norm:  1.24e-02
unconverged states [0]
m & new_m 6 7

iteration 5
beginning of step 5 memory used: 20.98 GB
    CPU time for df vj and vk    418.85 sec, wall time     28.22 sec
    CPU time for df vj and vk    326.03 sec, wall time     17.31 sec
subspace size: 7
Maximum residual norm:  8.09e-03
unconverged states [0]
m & new_m 7 8

iteration 6
beginning of step 6 memory used: 20.98 GB
    CPU time for df vj and vk    420.79 sec, wall time     27.28 sec
    CPU time for df vj and vk    325.45 sec, wall time     17.31 sec
subspace size: 8
Maximum residual norm:  4.51e-03
unconverged states [0]
m & new_m 8 9

iteration 7
beginning of step 7 memory used: 20.98 GB
    CPU time for df vj and vk    420.27 sec, wall time     28.11 sec
    CPU time for df vj and vk    325.09 sec, wall time     17.29 sec
subspace size: 9
Maximum residual norm:  2.37e-03
unconverged states [0]
m & new_m 9 10

iteration 8
beginning of step 8 memory used: 20.98 GB
    CPU time for df vj and vk    418.47 sec, wall time     27.37 sec
    CPU time for df vj and vk    324.19 sec, wall time     17.17 sec
subspace size: 10
Maximum residual norm:  1.11e-03
unconverged states [0]
m & new_m 10 11

iteration 9
beginning of step 9 memory used: 20.99 GB
    CPU time for df vj and vk    412.24 sec, wall time     27.99 sec
    CPU time for df vj and vk    325.21 sec, wall time     17.26 sec
subspace size: 11
Maximum residual norm:  7.47e-04
unconverged states [0]
m & new_m 11 12

iteration 10
beginning of step 10 memory used: 20.99 GB
    CPU time for df vj and vk    416.50 sec, wall time     27.53 sec
    CPU time for df vj and vk    326.86 sec, wall time     17.38 sec
subspace size: 12
Maximum residual norm:  4.00e-04
unconverged states [0]
m & new_m 12 13

iteration 11
beginning of step 11 memory used: 20.99 GB
    CPU time for df vj and vk    421.61 sec, wall time     27.87 sec
    CPU time for df vj and vk    326.86 sec, wall time     17.42 sec
subspace size: 13
Maximum residual norm:  2.67e-04
unconverged states [0]
m & new_m 13 14

iteration 12
beginning of step 12 memory used: 20.99 GB
    CPU time for df vj and vk    420.02 sec, wall time     27.25 sec
    CPU time for df vj and vk    326.08 sec, wall time     17.30 sec
subspace size: 14
Maximum residual norm:  1.85e-04
unconverged states [0]
m & new_m 14 15

iteration 13
beginning of step 13 memory used: 21.00 GB
    CPU time for df vj and vk    419.81 sec, wall time     27.01 sec
    CPU time for df vj and vk    325.76 sec, wall time     17.29 sec
subspace size: 15
Maximum residual norm:  1.26e-04
unconverged states [0]
m & new_m 15 16

iteration 14
beginning of step 14 memory used: 21.00 GB
    CPU time for df vj and vk    418.40 sec, wall time     27.76 sec
    CPU time for df vj and vk    324.77 sec, wall time     17.14 sec
subspace size: 16
Maximum residual norm:  8.20e-05
unconverged states [0]
m & new_m 16 17

iteration 15
beginning of step 15 memory used: 21.00 GB
    CPU time for df vj and vk    411.64 sec, wall time     28.26 sec
    CPU time for df vj and vk    325.60 sec, wall time     17.28 sec
subspace size: 17
Maximum residual norm:  5.69e-05
unconverged states [0]
m & new_m 17 18

iteration 16
beginning of step 16 memory used: 21.01 GB
    CPU time for df vj and vk    417.72 sec, wall time     27.27 sec
    CPU time for df vj and vk    324.20 sec, wall time     17.14 sec
subspace size: 18
Maximum residual norm:  3.22e-05
unconverged states [0]
m & new_m 18 19

iteration 17
beginning of step 17 memory used: 21.01 GB
    CPU time for df vj and vk    425.60 sec, wall time     27.88 sec
    CPU time for df vj and vk    324.26 sec, wall time     17.11 sec
subspace size: 19
Maximum residual norm:  1.56e-05
unconverged states [0]
m & new_m 19 20

iteration 18
beginning of step 18 memory used: 21.01 GB
    CPU time for df vj and vk    423.74 sec, wall time     27.29 sec
    CPU time for df vj and vk    330.38 sec, wall time     17.36 sec
subspace size: 20
Maximum residual norm:  8.47e-06
TDDFT precedure Done

============= TDDFT Calculation Done ==============
after 19 iterations 1082.97 s
Final subspace  20
preconditioning cost 0.0566 0.00 %
max_norm =  8.47e-06
Total TDDFT memory used: 21.01 GB
Excited State energies (eV) =
 [3.56818759]
xyzfile = 49_Triphenylamino_5.xyz
checkfile = True
method = RKS
functional = wb97x
basis_set = def2-tzvp
density_fit = True
grid_level = 3
nstates = 1
pytd = False
TDA = False
TDDFT = True
dynpol = False
dynpol_omega = []
stapol = False
sTDA = False
sTDDFT = False
Truncate_test = False
truncate_virtual = 40.0
ip_options = [0, 1]
conv_tolerance = 1e-05
initial_TOL = 0.001
precond_TOL = 0.01
extrainitial = 8
max = 30
eigensolver_tol = 1e-05
memory = 50000
verbose = 5
beta = []
alpha = []
|-------- In-house Developed TDDFT Ends ----------|
